
> localseva-frontend@0.1.0 dev
> next dev

  ▲ Next.js 15.0.0
  - Local:        http://localhost:3000
  - Environments: .env

 ✓ Starting...
 ✓ Ready in 4.2s
 ○ Compiling / ...
 ✓ Compiled / in 8s (1032 modules)
 GET / 200 in 8949ms
 ✓ Compiled in 1002ms (479 modules)
 GET / 200 in 227ms
 GET / 200 in 93ms
 ○ Compiling /api/community/stats ...
 ✓ Compiled /api/community/feed in 1447ms (1041 modules)
 GET /api/community/feed 200 in 682ms
 GET /api/community/stats 200 in 1738ms
prisma:query SELECT `main`.`sessions`.`id`, `main`.`sessions`.`userId`, `main`.`sessions`.`sessionToken`, `main`.`sessions`.`expires`, `main`.`sessions`.`createdAt`, `main`.`sessions`.`updatedAt` FROM `main`.`sessions` WHERE (`main`.`sessions`.`sessionToken` = ? AND 1=1) LIMIT ? OFFSET ?
 GET /api/alerts 200 in 1916ms
 GET / 200 in 306ms
 GET / 200 in 57ms
 GET /api/community/stats 200 in 508ms
 GET /api/community/feed 200 in 535ms
prisma:query SELECT 1
prisma:query SELECT `main`.`sessions`.`id`, `main`.`sessions`.`userId`, `main`.`sessions`.`sessionToken`, `main`.`sessions`.`expires`, `main`.`sessions`.`createdAt`, `main`.`sessions`.`updatedAt` FROM `main`.`sessions` WHERE (`main`.`sessions`.`sessionToken` = ? AND 1=1) LIMIT ? OFFSET ?
 GET /api/alerts 200 in 552ms
 ○ Compiling /services ...
 ✓ Compiled /services in 1716ms (1053 modules)
 ⨯ next/dist/src/server/app-render/parse-and-validate-flight-router-state.tsx (40:11) @ <unknown>
 ⨯ Error: The router state header was sent but could not be parsed.
    at /home/z/my-project/frontend/node_modules/next/dist/compiled/next-server/app-page.runtime.dev.js:161:20908
    at /home/z/my-project/frontend/node_modules/next/dist/compiled/next-server/app-page.runtime.dev.js:161:20977
    at renderToHTMLOrFlight (/home/z/my-project/frontend/node_modules/next/dist/compiled/next-server/app-page.runtime.dev.js:161:22000)
    at AppPageRouteModule.render (/home/z/my-project/frontend/node_modules/next/dist/compiled/next-server/app-page.runtime.dev.js:163:5115)
    at doRender (/home/z/my-project/frontend/node_modules/next/dist/server/base-server.js:1587:48)
    at responseGenerator (/home/z/my-project/frontend/node_modules/next/dist/server/base-server.js:1834:34)
    at ResponseCache.get (/home/z/my-project/frontend/node_modules/next/dist/server/response-cache/index.js:49:20)
    at DevServer.renderToResponseWithComponentsImpl (/home/z/my-project/frontend/node_modules/next/dist/server/base-server.js:1878:53)
    at /home/z/my-project/frontend/node_modules/next/dist/server/base-server.js:1095:121
    at NextTracerImpl.trace (/home/z/my-project/frontend/node_modules/next/dist/server/lib/trace/tracer.js:136:20)
    at DevServer.renderToResponseWithComponents (/home/z/my-project/frontend/node_modules/next/dist/server/base-server.js:1095:41)
    at DevServer.renderPageComponent (/home/z/my-project/frontend/node_modules/next/dist/server/base-server.js:2292:35)
    at async DevServer.renderToResponseImpl (/home/z/my-project/frontend/node_modules/next/dist/server/base-server.js:2330:32)
    at async DevServer.pipeImpl (/home/z/my-project/frontend/node_modules/next/dist/server/base-server.js:984:25)
    at async NextNodeServer.handleCatchallRenderRequest (/home/z/my-project/frontend/node_modules/next/dist/server/next-server.js:281:17)
    at async DevServer.handleRequestImpl (/home/z/my-project/frontend/node_modules/next/dist/server/base-server.js:877:17)
    at async /home/z/my-project/frontend/node_modules/next/dist/server/dev/next-dev-server.js:373:20
    at async Span.traceAsyncFn (/home/z/my-project/frontend/node_modules/next/dist/trace/trace.js:157:20)
    at async DevServer.handleRequest (/home/z/my-project/frontend/node_modules/next/dist/server/dev/next-dev-server.js:370:24)
    at async invokeRender (/home/z/my-project/frontend/node_modules/next/dist/server/lib/router-server.js:183:21)
    at async handleRequest (/home/z/my-project/frontend/node_modules/next/dist/server/lib/router-server.js:360:24)
    at async requestHandlerImpl (/home/z/my-project/frontend/node_modules/next/dist/server/lib/router-server.js:384:13)
    at async Server.requestListener (/home/z/my-project/frontend/node_modules/next/dist/server/lib/start-server.js:142:13) {
  page: '/services'
}
[0m [90m 38 |[39m     [36mreturn[39m state[0m
[0m [90m 39 |[39m   } [36mcatch[39m {[0m
[0m[31m[1m>[22m[39m[90m 40 |[39m     [36mthrow[39m [36mnew[39m [33mError[39m([32m'The router state header was sent but could not be parsed.'[39m)[0m
[0m [90m    |[39m           [31m[1m^[22m[39m[0m
[0m [90m 41 |[39m   }[0m
[0m [90m 42 |[39m }[0m
[0m [90m 43 |[39m[0m
 ○ Compiling /_error ...
 ✓ Compiled /_error in 1594ms (1288 modules)
 GET /services?_rsc=1iwkq 500 in 4060ms
 ⨯ next/dist/src/server/app-render/parse-and-validate-flight-router-state.tsx (40:11) @ <unknown>
 ⨯ Error: The router state header was sent but could not be parsed.
    at /home/z/my-project/frontend/node_modules/next/dist/compiled/next-server/app-page.runtime.dev.js:161:20908
    at /home/z/my-project/frontend/node_modules/next/dist/compiled/next-server/app-page.runtime.dev.js:161:20977
    at renderToHTMLOrFlight (/home/z/my-project/frontend/node_modules/next/dist/compiled/next-server/app-page.runtime.dev.js:161:22000)
    at AppPageRouteModule.render (/home/z/my-project/frontend/node_modules/next/dist/compiled/next-server/app-page.runtime.dev.js:163:5115)
    at doRender (/home/z/my-project/frontend/node_modules/next/dist/server/base-server.js:1587:48)
    at responseGenerator (/home/z/my-project/frontend/node_modules/next/dist/server/base-server.js:1834:34)
    at ResponseCache.get (/home/z/my-project/frontend/node_modules/next/dist/server/response-cache/index.js:49:20)
    at DevServer.renderToResponseWithComponentsImpl (/home/z/my-project/frontend/node_modules/next/dist/server/base-server.js:1878:53)
    at /home/z/my-project/frontend/node_modules/next/dist/server/base-server.js:1095:121
    at NextTracerImpl.trace (/home/z/my-project/frontend/node_modules/next/dist/server/lib/trace/tracer.js:136:20)
    at DevServer.renderToResponseWithComponents (/home/z/my-project/frontend/node_modules/next/dist/server/base-server.js:1095:41)
    at DevServer.renderPageComponent (/home/z/my-project/frontend/node_modules/next/dist/server/base-server.js:2292:35)
    at async DevServer.renderToResponseImpl (/home/z/my-project/frontend/node_modules/next/dist/server/base-server.js:2330:32)
    at async DevServer.pipeImpl (/home/z/my-project/frontend/node_modules/next/dist/server/base-server.js:984:25)
    at async NextNodeServer.handleCatchallRenderRequest (/home/z/my-project/frontend/node_modules/next/dist/server/next-server.js:281:17)
    at async DevServer.handleRequestImpl (/home/z/my-project/frontend/node_modules/next/dist/server/base-server.js:877:17)
    at async /home/z/my-project/frontend/node_modules/next/dist/server/dev/next-dev-server.js:373:20
    at async Span.traceAsyncFn (/home/z/my-project/frontend/node_modules/next/dist/trace/trace.js:157:20)
    at async DevServer.handleRequest (/home/z/my-project/frontend/node_modules/next/dist/server/dev/next-dev-server.js:370:24)
    at async invokeRender (/home/z/my-project/frontend/node_modules/next/dist/server/lib/router-server.js:183:21)
    at async handleRequest (/home/z/my-project/frontend/node_modules/next/dist/server/lib/router-server.js:360:24)
    at async requestHandlerImpl (/home/z/my-project/frontend/node_modules/next/dist/server/lib/router-server.js:384:13)
    at async Server.requestListener (/home/z/my-project/frontend/node_modules/next/dist/server/lib/start-server.js:142:13) {
  page: '/services'
}
[0m [90m 38 |[39m     [36mreturn[39m state[0m
[0m [90m 39 |[39m   } [36mcatch[39m {[0m
[0m[31m[1m>[22m[39m[90m 40 |[39m     [36mthrow[39m [36mnew[39m [33mError[39m([32m'The router state header was sent but could not be parsed.'[39m)[0m
[0m [90m    |[39m           [31m[1m^[22m[39m[0m
[0m [90m 41 |[39m   }[0m
[0m [90m 42 |[39m }[0m
[0m [90m 43 |[39m[0m
 GET /services?_rsc=1iwkq 500 in 149ms
 GET /services 200 in 119ms
 ○ Compiling /api/skills ...
 ✓ Compiled /api/skills in 515ms (1291 modules)
Error fetching skills: TypeError: Cannot read properties of undefined (reading 'findMany')
    at GET (webpack-internal:///(rsc)/./src/app/api/skills/route.ts:13:76)
    at AsyncLocalStorage.run (node:internal/async_local_storage/async_hooks:80:14)
    at AppRouteRouteModule.do (/home/z/my-project/frontend/node_modules/next/dist/compiled/next-server/app-route.runtime.dev.js:10:32788)
    at /home/z/my-project/frontend/node_modules/next/dist/compiled/next-server/app-route.runtime.dev.js:10:40688
    at /home/z/my-project/frontend/node_modules/next/dist/server/lib/trace/tracer.js:171:36
    at NoopContextManager.with (/home/z/my-project/frontend/node_modules/next/dist/compiled/@opentelemetry/api/index.js:1:7062)
    at ContextAPI.with (/home/z/my-project/frontend/node_modules/next/dist/compiled/@opentelemetry/api/index.js:1:518)
    at NoopTracer.startActiveSpan (/home/z/my-project/frontend/node_modules/next/dist/compiled/@opentelemetry/api/index.js:1:18093)
    at ProxyTracer.startActiveSpan (/home/z/my-project/frontend/node_modules/next/dist/compiled/@opentelemetry/api/index.js:1:18854)
    at /home/z/my-project/frontend/node_modules/next/dist/server/lib/trace/tracer.js:153:103
    at NoopContextManager.with (/home/z/my-project/frontend/node_modules/next/dist/compiled/@opentelemetry/api/index.js:1:7062)
    at ContextAPI.with (/home/z/my-project/frontend/node_modules/next/dist/compiled/@opentelemetry/api/index.js:1:518)
    at NextTracerImpl.trace (/home/z/my-project/frontend/node_modules/next/dist/server/lib/trace/tracer.js:153:28)
    at /home/z/my-project/frontend/node_modules/next/dist/compiled/next-server/app-route.runtime.dev.js:10:40549
    at AsyncLocalStorage.run (node:internal/async_local_storage/async_hooks:91:14)
    at withWorkStore (/home/z/my-project/frontend/node_modules/next/dist/compiled/next-server/app-route.runtime.dev.js:6:70698)
    at /home/z/my-project/frontend/node_modules/next/dist/compiled/next-server/app-route.runtime.dev.js:10:38307
    at AsyncLocalStorage.run (node:internal/async_local_storage/async_hooks:91:14)
    at /home/z/my-project/frontend/node_modules/next/dist/compiled/next-server/app-route.runtime.dev.js:10:38286
    at AsyncLocalStorage.run (node:internal/async_local_storage/async_hooks:91:14)
    at AppRouteRouteModule.handle (/home/z/my-project/frontend/node_modules/next/dist/compiled/next-server/app-route.runtime.dev.js:10:38240)
    at doRender (/home/z/my-project/frontend/node_modules/next/dist/server/base-server.js:1493:60)
    at responseGenerator (/home/z/my-project/frontend/node_modules/next/dist/server/base-server.js:1834:34)
    at ResponseCache.get (/home/z/my-project/frontend/node_modules/next/dist/server/response-cache/index.js:49:20)
    at DevServer.renderToResponseWithComponentsImpl (/home/z/my-project/frontend/node_modules/next/dist/server/base-server.js:1878:53)
    at /home/z/my-project/frontend/node_modules/next/dist/server/base-server.js:1095:121
    at NextTracerImpl.trace (/home/z/my-project/frontend/node_modules/next/dist/server/lib/trace/tracer.js:136:20)
    at DevServer.renderToResponseWithComponents (/home/z/my-project/frontend/node_modules/next/dist/server/base-server.js:1095:41)
    at DevServer.renderPageComponent (/home/z/my-project/frontend/node_modules/next/dist/server/base-server.js:2292:35)
    at async DevServer.renderToResponseImpl (/home/z/my-project/frontend/node_modules/next/dist/server/base-server.js:2330:32)
    at async DevServer.pipeImpl (/home/z/my-project/frontend/node_modules/next/dist/server/base-server.js:984:25)
    at async NextNodeServer.handleCatchallRenderRequest (/home/z/my-project/frontend/node_modules/next/dist/server/next-server.js:281:17)
    at async DevServer.handleRequestImpl (/home/z/my-project/frontend/node_modules/next/dist/server/base-server.js:877:17)
    at async /home/z/my-project/frontend/node_modules/next/dist/server/dev/next-dev-server.js:373:20
    at async Span.traceAsyncFn (/home/z/my-project/frontend/node_modules/next/dist/trace/trace.js:157:20)
    at async DevServer.handleRequest (/home/z/my-project/frontend/node_modules/next/dist/server/dev/next-dev-server.js:370:24)
    at async invokeRender (/home/z/my-project/frontend/node_modules/next/dist/server/lib/router-server.js:183:21)
    at async handleRequest (/home/z/my-project/frontend/node_modules/next/dist/server/lib/router-server.js:360:24)
    at async requestHandlerImpl (/home/z/my-project/frontend/node_modules/next/dist/server/lib/router-server.js:384:13)
    at async Server.requestListener (/home/z/my-project/frontend/node_modules/next/dist/server/lib/start-server.js:142:13)
 GET /api/skills 500 in 629ms
 GET / 200 in 607ms
prisma:query SELECT 1
 GET /api/community/stats 200 in 325ms
 GET /api/alerts 200 in 282ms
prisma:query SELECT `main`.`sessions`.`id`, `main`.`sessions`.`userId`, `main`.`sessions`.`sessionToken`, `main`.`sessions`.`expires`, `main`.`sessions`.`createdAt`, `main`.`sessions`.`updatedAt` FROM `main`.`sessions` WHERE (`main`.`sessions`.`sessionToken` = ? AND 1=1) LIMIT ? OFFSET ?
 GET /api/community/feed 200 in 396ms
 GET / 200 in 88ms
