
> localseva@0.1.0 dev
> concurrently "npm run dev:frontend" "npm run dev:backend"

[0] 
[0] > localseva@0.1.0 dev:frontend
[0] > cd frontend && npm run dev
[0] 
[1] 
[1] > localseva@0.1.0 dev:backend
[1] > cd backend && npm run dev
[1] 
[0] 
[0] > localseva-frontend@0.1.0 dev
[0] > next dev
[0] 
[1] 
[1] > localseva-backend@0.1.0 dev
[1] > nodemon --exec "npx tsx server-express.ts" --watch server-express.ts --watch services --watch ws --ext ts,tsx,js,jsx 2>&1 | tee dev.log
[1] 
[1] [33m[nodemon] 3.1.10[39m
[1] [33m[nodemon] to restart at any time, enter `rs`[39m
[1] [33m[nodemon] watching path(s): server-express.ts services/**/* ws/**/*[39m
[1] [33m[nodemon] watching extensions: ts,tsx,js,jsx[39m
[1] [32m[nodemon] starting `npx tsx server-express.ts`[39m
[0]   ▲ Next.js 15.0.0
[0]   - Local:        http://localhost:3000
[0]   - Environments: .env
[0] 
[0]  ✓ Starting...
[1] node:events:496
[1]       throw er; // Unhandled 'error' event
[1]       ^
[1] 
[1] Error: listen EADDRINUSE: address already in use :::3002
[1]     at Server.setupListenHandle [as _listen2] (node:net:1940:16)
[1]     at listenInCluster (node:net:1997:12)
[1]     at Server.listen (node:net:2102:7)
[1]     at express (/home/z/my-project/backend/server-express.ts:41:8)
[1]     at Object.<anonymous> (/home/z/my-project/backend/server-express.ts:47:16)
[1]     at Module._compile (node:internal/modules/cjs/loader:1730:14)
[1]     at Object.transformer (/home/z/my-project/backend/node_modules/tsx/dist/register-D46fvsV_.cjs:3:1104)
[1]     at Module.load (node:internal/modules/cjs/loader:1465:32)
[1]     at Function._load (node:internal/modules/cjs/loader:1282:12)
[1]     at TracingChannel.traceSync (node:diagnostics_channel:322:14)
[1] Emitted 'error' event on Server instance at:
[1]     at emitErrorNT (node:net:1976:8)
[1]     at process.processTicksAndRejections (node:internal/process/task_queues:90:21) {
[1]   code: 'EADDRINUSE',
[1]   errno: -98,
[1]   syscall: 'listen',
[1]   address: '::',
[1]   port: 3002
[1] }
[1] 
[1] Node.js v22.17.1
[1] [31m[nodemon] app crashed - waiting for file changes before starting...[39m
[0]  ✓ Ready in 6.2s
[0]  ○ Compiling / ...
[0]  ✓ Compiled / in 38.1s (927 modules)
[0]  GET / 200 in 40118ms
[0]  ✓ Compiled in 1249ms (450 modules)
[0]  GET / 200 in 124ms
[0]  ○ Compiling /api/alerts ...
[0]  ✓ Compiled /api/alerts in 2s (936 modules)
[0]  GET /api/community/stats 200 in 2455ms
[0]  GET /api/community/feed 200 in 2888ms
[0] prisma:query SELECT `main`.`sessions`.`id`, `main`.`sessions`.`userId`, `main`.`sessions`.`sessionToken`, `main`.`sessions`.`expires`, `main`.`sessions`.`createdAt`, `main`.`sessions`.`updatedAt` FROM `main`.`sessions` WHERE (`main`.`sessions`.`sessionToken` = ? AND 1=1) LIMIT ? OFFSET ?
[0] Error fetching alerts: PrismaClientKnownRequestError: 
[0] Invalid `prisma.session.findUnique()` invocation:
[0] 
[0] 
[0] The table `main.sessions` does not exist in the current database.
[0]     at ri.handleRequestError (/home/z/my-project/frontend/node_modules/@prisma/client/runtime/library.js:121:7459)
[0]     at ri.handleAndLogRequestError (/home/z/my-project/frontend/node_modules/@prisma/client/runtime/library.js:121:6784)
[0]     at ri.request (/home/z/my-project/frontend/node_modules/@prisma/client/runtime/library.js:121:6491)
[0]     at async l (/home/z/my-project/frontend/node_modules/@prisma/client/runtime/library.js:130:9812)
[0]     at async GET (webpack-internal:///(rsc)/./src/app/api/alerts/route.ts:119:29)
[0]     at async AppRouteRouteModule.do (/home/z/my-project/frontend/node_modules/next/dist/compiled/next-server/app-route.runtime.dev.js:10:32709)
[0]     at async AppRouteRouteModule.handle (/home/z/my-project/frontend/node_modules/next/dist/compiled/next-server/app-route.runtime.dev.js:10:38210)
[0]     at async doRender (/home/z/my-project/frontend/node_modules/next/dist/server/base-server.js:1493:42)
[0]     at async responseGenerator (/home/z/my-project/frontend/node_modules/next/dist/server/base-server.js:1834:28)
[0]     at async DevServer.renderToResponseWithComponentsImpl (/home/z/my-project/frontend/node_modules/next/dist/server/base-server.js:1878:28)
[0]     at async DevServer.renderPageComponent (/home/z/my-project/frontend/node_modules/next/dist/server/base-server.js:2292:24)
[0]     at async DevServer.renderToResponseImpl (/home/z/my-project/frontend/node_modules/next/dist/server/base-server.js:2330:32)
[0]     at async DevServer.pipeImpl (/home/z/my-project/frontend/node_modules/next/dist/server/base-server.js:984:25)
[0]     at async NextNodeServer.handleCatchallRenderRequest (/home/z/my-project/frontend/node_modules/next/dist/server/next-server.js:281:17)
[0]     at async DevServer.handleRequestImpl (/home/z/my-project/frontend/node_modules/next/dist/server/base-server.js:877:17)
[0]     at async /home/z/my-project/frontend/node_modules/next/dist/server/dev/next-dev-server.js:373:20
[0]     at async Span.traceAsyncFn (/home/z/my-project/frontend/node_modules/next/dist/trace/trace.js:157:20)
[0]     at async DevServer.handleRequest (/home/z/my-project/frontend/node_modules/next/dist/server/dev/next-dev-server.js:370:24)
[0]     at async invokeRender (/home/z/my-project/frontend/node_modules/next/dist/server/lib/router-server.js:183:21)
[0]     at async handleRequest (/home/z/my-project/frontend/node_modules/next/dist/server/lib/router-server.js:360:24)
[0]     at async requestHandlerImpl (/home/z/my-project/frontend/node_modules/next/dist/server/lib/router-server.js:384:13)
[0]     at async Server.requestListener (/home/z/my-project/frontend/node_modules/next/dist/server/lib/start-server.js:142:13) {
[0]   code: 'P2021',
[0]   meta: { modelName: 'Session', table: 'main.sessions' },
[0]   clientVersion: '6.13.0'
[0] }
[0]  GET /api/alerts 500 in 3400ms
[0]  ○ Compiling /admin ...
[0]  ✓ Compiled /admin in 1573ms (918 modules)
[0]  ⨯ next/dist/src/server/app-render/parse-and-validate-flight-router-state.tsx (40:11) @ <unknown>
[0]  ⨯ Error: The router state header was sent but could not be parsed.
[0]     at /home/z/my-project/frontend/node_modules/next/dist/compiled/next-server/app-page.runtime.dev.js:161:20908
[0]     at /home/z/my-project/frontend/node_modules/next/dist/compiled/next-server/app-page.runtime.dev.js:161:20977
[0]     at renderToHTMLOrFlight (/home/z/my-project/frontend/node_modules/next/dist/compiled/next-server/app-page.runtime.dev.js:161:22000)
[0]     at AppPageRouteModule.render (/home/z/my-project/frontend/node_modules/next/dist/compiled/next-server/app-page.runtime.dev.js:163:5115)
[0]     at doRender (/home/z/my-project/frontend/node_modules/next/dist/server/base-server.js:1587:48)
[0]     at responseGenerator (/home/z/my-project/frontend/node_modules/next/dist/server/base-server.js:1834:34)
[0]     at ResponseCache.get (/home/z/my-project/frontend/node_modules/next/dist/server/response-cache/index.js:49:20)
[0]     at DevServer.renderToResponseWithComponentsImpl (/home/z/my-project/frontend/node_modules/next/dist/server/base-server.js:1878:53)
[0]     at /home/z/my-project/frontend/node_modules/next/dist/server/base-server.js:1095:121
[0]     at NextTracerImpl.trace (/home/z/my-project/frontend/node_modules/next/dist/server/lib/trace/tracer.js:136:20)
[0]     at DevServer.renderToResponseWithComponents (/home/z/my-project/frontend/node_modules/next/dist/server/base-server.js:1095:41)
[0]     at DevServer.renderPageComponent (/home/z/my-project/frontend/node_modules/next/dist/server/base-server.js:2292:35)
[0]     at async DevServer.renderToResponseImpl (/home/z/my-project/frontend/node_modules/next/dist/server/base-server.js:2330:32)
[0]     at async DevServer.pipeImpl (/home/z/my-project/frontend/node_modules/next/dist/server/base-server.js:984:25)
[0]     at async NextNodeServer.handleCatchallRenderRequest (/home/z/my-project/frontend/node_modules/next/dist/server/next-server.js:281:17)
[0]     at async DevServer.handleRequestImpl (/home/z/my-project/frontend/node_modules/next/dist/server/base-server.js:877:17)
[0]     at async /home/z/my-project/frontend/node_modules/next/dist/server/dev/next-dev-server.js:373:20
[0]     at async Span.traceAsyncFn (/home/z/my-project/frontend/node_modules/next/dist/trace/trace.js:157:20)
[0]     at async DevServer.handleRequest (/home/z/my-project/frontend/node_modules/next/dist/server/dev/next-dev-server.js:370:24)
[0]     at async invokeRender (/home/z/my-project/frontend/node_modules/next/dist/server/lib/router-server.js:183:21)
[0]     at async handleRequest (/home/z/my-project/frontend/node_modules/next/dist/server/lib/router-server.js:360:24)
[0]     at async requestHandlerImpl (/home/z/my-project/frontend/node_modules/next/dist/server/lib/router-server.js:384:13)
[0]     at async Server.requestListener (/home/z/my-project/frontend/node_modules/next/dist/server/lib/start-server.js:142:13) {
[0]   page: '/admin'
[0] }
[0] [0m [90m 38 |[39m     [36mreturn[39m state[0m
[0] [0m [90m 39 |[39m   } [36mcatch[39m {[0m
[0] [0m[31m[1m>[22m[39m[90m 40 |[39m     [36mthrow[39m [36mnew[39m [33mError[39m([32m'The router state header was sent but could not be parsed.'[39m)[0m
[0] [0m [90m    |[39m           [31m[1m^[22m[39m[0m
[0] [0m [90m 41 |[39m   }[0m
[0] [0m [90m 42 |[39m }[0m
[0] [0m [90m 43 |[39m[0m
[0]  ○ Compiling /_error ...
[0]  ✓ Compiled / in 1105ms (1153 modules)
[0]  ✓ Compiled (1163 modules)
[0]  GET /admin?_rsc=1iwkq 500 in 5652ms
[0]  GET / 200 in 2764ms
[0]  GET /admin 200 in 127ms
[0]  ✓ Compiled /api/admin/users in 337ms (546 modules)
[0]  ✓ Compiled in 476ms (633 modules)
[0]  GET /api/community/feed 200 in 1164ms
[0]  GET /api/community/stats 200 in 1193ms
[0]  GET /api/admin/users 401 in 1103ms
[0] prisma:query SELECT 1
[0] prisma:query SELECT `main`.`sessions`.`id`, `main`.`sessions`.`userId`, `main`.`sessions`.`sessionToken`, `main`.`sessions`.`expires`, `main`.`sessions`.`createdAt`, `main`.`sessions`.`updatedAt` FROM `main`.`sessions` WHERE (`main`.`sessions`.`sessionToken` = ? AND 1=1) LIMIT ? OFFSET ?
[0] Error fetching alerts: PrismaClientKnownRequestError: 
[0] Invalid `prisma.session.findUnique()` invocation:
[0] 
[0] 
[0] The table `main.sessions` does not exist in the current database.
[0]     at ri.handleRequestError (/home/z/my-project/frontend/node_modules/@prisma/client/runtime/library.js:121:7459)
[0]     at ri.handleAndLogRequestError (/home/z/my-project/frontend/node_modules/@prisma/client/runtime/library.js:121:6784)
[0]     at ri.request (/home/z/my-project/frontend/node_modules/@prisma/client/runtime/library.js:121:6491)
[0]     at async l (/home/z/my-project/frontend/node_modules/@prisma/client/runtime/library.js:130:9812)
[0]     at async GET (webpack-internal:///(rsc)/./src/app/api/alerts/route.ts:119:29)
[0]     at async AppRouteRouteModule.do (/home/z/my-project/frontend/node_modules/next/dist/compiled/next-server/app-route.runtime.dev.js:10:32709)
[0]     at async AppRouteRouteModule.handle (/home/z/my-project/frontend/node_modules/next/dist/compiled/next-server/app-route.runtime.dev.js:10:38210)
[0]     at async doRender (/home/z/my-project/frontend/node_modules/next/dist/server/base-server.js:1493:42)
[0]     at async responseGenerator (/home/z/my-project/frontend/node_modules/next/dist/server/base-server.js:1834:28)
[0]     at async DevServer.renderToResponseWithComponentsImpl (/home/z/my-project/frontend/node_modules/next/dist/server/base-server.js:1878:28)
[0]     at async DevServer.renderPageComponent (/home/z/my-project/frontend/node_modules/next/dist/server/base-server.js:2292:24)
[0]     at async DevServer.renderToResponseImpl (/home/z/my-project/frontend/node_modules/next/dist/server/base-server.js:2330:32)
[0]     at async DevServer.pipeImpl (/home/z/my-project/frontend/node_modules/next/dist/server/base-server.js:984:25)
[0]     at async NextNodeServer.handleCatchallRenderRequest (/home/z/my-project/frontend/node_modules/next/dist/server/next-server.js:281:17)
[0]     at async DevServer.handleRequestImpl (/home/z/my-project/frontend/node_modules/next/dist/server/base-server.js:877:17)
[0]     at async /home/z/my-project/frontend/node_modules/next/dist/server/dev/next-dev-server.js:373:20
[0]     at async Span.traceAsyncFn (/home/z/my-project/frontend/node_modules/next/dist/trace/trace.js:157:20)
[0]     at async DevServer.handleRequest (/home/z/my-project/frontend/node_modules/next/dist/server/dev/next-dev-server.js:370:24)
[0]     at async invokeRender (/home/z/my-project/frontend/node_modules/next/dist/server/lib/router-server.js:183:21)
[0]     at async handleRequest (/home/z/my-project/frontend/node_modules/next/dist/server/lib/router-server.js:360:24)
[0]     at async requestHandlerImpl (/home/z/my-project/frontend/node_modules/next/dist/server/lib/router-server.js:384:13)
[0]     at async Server.requestListener (/home/z/my-project/frontend/node_modules/next/dist/server/lib/start-server.js:142:13) {
[0]   code: 'P2021',
[0]   meta: { modelName: 'Session', table: 'main.sessions' },
[0]   clientVersion: '6.13.0'
[0] }
[0]  GET /api/alerts 500 in 1269ms
[0]  ⨯ next/dist/src/server/app-render/parse-and-validate-flight-router-state.tsx (40:11) @ <unknown>
[0]  ⨯ Error: The router state header was sent but could not be parsed.
[0]     at /home/z/my-project/frontend/node_modules/next/dist/compiled/next-server/app-page.runtime.dev.js:161:20908
[0]     at /home/z/my-project/frontend/node_modules/next/dist/compiled/next-server/app-page.runtime.dev.js:161:20977
[0]     at renderToHTMLOrFlight (/home/z/my-project/frontend/node_modules/next/dist/compiled/next-server/app-page.runtime.dev.js:161:22000)
[0]     at AppPageRouteModule.render (/home/z/my-project/frontend/node_modules/next/dist/compiled/next-server/app-page.runtime.dev.js:163:5115)
[0]     at doRender (/home/z/my-project/frontend/node_modules/next/dist/server/base-server.js:1587:48)
[0]     at responseGenerator (/home/z/my-project/frontend/node_modules/next/dist/server/base-server.js:1834:34)
[0]     at ResponseCache.get (/home/z/my-project/frontend/node_modules/next/dist/server/response-cache/index.js:49:20)
[0]     at DevServer.renderToResponseWithComponentsImpl (/home/z/my-project/frontend/node_modules/next/dist/server/base-server.js:1878:53)
[0]     at /home/z/my-project/frontend/node_modules/next/dist/server/base-server.js:1095:121
[0]     at NextTracerImpl.trace (/home/z/my-project/frontend/node_modules/next/dist/server/lib/trace/tracer.js:136:20)
[0]     at DevServer.renderToResponseWithComponents (/home/z/my-project/frontend/node_modules/next/dist/server/base-server.js:1095:41)
[0]     at DevServer.renderPageComponent (/home/z/my-project/frontend/node_modules/next/dist/server/base-server.js:2292:35)
[0]     at async DevServer.renderToResponseImpl (/home/z/my-project/frontend/node_modules/next/dist/server/base-server.js:2330:32)
[0]     at async DevServer.pipeImpl (/home/z/my-project/frontend/node_modules/next/dist/server/base-server.js:984:25)
[0]     at async NextNodeServer.handleCatchallRenderRequest (/home/z/my-project/frontend/node_modules/next/dist/server/next-server.js:281:17)
[0]     at async DevServer.handleRequestImpl (/home/z/my-project/frontend/node_modules/next/dist/server/base-server.js:877:17)
[0]     at async /home/z/my-project/frontend/node_modules/next/dist/server/dev/next-dev-server.js:373:20
[0]     at async Span.traceAsyncFn (/home/z/my-project/frontend/node_modules/next/dist/trace/trace.js:157:20)
[0]     at async DevServer.handleRequest (/home/z/my-project/frontend/node_modules/next/dist/server/dev/next-dev-server.js:370:24)
[0]     at async invokeRender (/home/z/my-project/frontend/node_modules/next/dist/server/lib/router-server.js:183:21)
[0]     at async handleRequest (/home/z/my-project/frontend/node_modules/next/dist/server/lib/router-server.js:360:24)
[0]     at async requestHandlerImpl (/home/z/my-project/frontend/node_modules/next/dist/server/lib/router-server.js:384:13)
[0]     at async Server.requestListener (/home/z/my-project/frontend/node_modules/next/dist/server/lib/start-server.js:142:13) {
[0]   page: '/'
[0] }
[0] [0m [90m 38 |[39m     [36mreturn[39m state[0m
[0] [0m [90m 39 |[39m   } [36mcatch[39m {[0m
[0] [0m[31m[1m>[22m[39m[90m 40 |[39m     [36mthrow[39m [36mnew[39m [33mError[39m([32m'The router state header was sent but could not be parsed.'[39m)[0m
[0] [0m [90m    |[39m           [31m[1m^[22m[39m[0m
[0] [0m [90m 41 |[39m   }[0m
[0] [0m [90m 42 |[39m }[0m
[0] [0m [90m 43 |[39m[0m
[0]  GET /?_rsc=qerwb 500 in 151ms
[0]  GET / 200 in 111ms
[0] prisma:query SELECT `main`.`sessions`.`id`, `main`.`sessions`.`userId`, `main`.`sessions`.`sessionToken`, `main`.`sessions`.`expires`, `main`.`sessions`.`createdAt`, `main`.`sessions`.`updatedAt` FROM `main`.`sessions` WHERE (`main`.`sessions`.`sessionToken` = ? AND 1=1) LIMIT ? OFFSET ?
[0] Error fetching alerts: PrismaClientKnownRequestError: 
[0] Invalid `prisma.session.findUnique()` invocation:
[0] 
[0] 
[0] The table `main.sessions` does not exist in the current database.
[0]     at ri.handleRequestError (/home/z/my-project/frontend/node_modules/@prisma/client/runtime/library.js:121:7459)
[0]     at ri.handleAndLogRequestError (/home/z/my-project/frontend/node_modules/@prisma/client/runtime/library.js:121:6784)
[0]     at ri.request (/home/z/my-project/frontend/node_modules/@prisma/client/runtime/library.js:121:6491)
[0]     at async l (/home/z/my-project/frontend/node_modules/@prisma/client/runtime/library.js:130:9812)
[0]     at async GET (webpack-internal:///(rsc)/./src/app/api/alerts/route.ts:119:29)
[0]     at async AppRouteRouteModule.do (/home/z/my-project/frontend/node_modules/next/dist/compiled/next-server/app-route.runtime.dev.js:10:32709)
[0]     at async AppRouteRouteModule.handle (/home/z/my-project/frontend/node_modules/next/dist/compiled/next-server/app-route.runtime.dev.js:10:38210)
[0]     at async doRender (/home/z/my-project/frontend/node_modules/next/dist/server/base-server.js:1493:42)
[0]     at async responseGenerator (/home/z/my-project/frontend/node_modules/next/dist/server/base-server.js:1834:28)
[0]     at async DevServer.renderToResponseWithComponentsImpl (/home/z/my-project/frontend/node_modules/next/dist/server/base-server.js:1878:28)
[0]     at async DevServer.renderPageComponent (/home/z/my-project/frontend/node_modules/next/dist/server/base-server.js:2292:24)
[0]     at async DevServer.renderToResponseImpl (/home/z/my-project/frontend/node_modules/next/dist/server/base-server.js:2330:32)
[0]     at async DevServer.pipeImpl (/home/z/my-project/frontend/node_modules/next/dist/server/base-server.js:984:25)
[0]     at async NextNodeServer.handleCatchallRenderRequest (/home/z/my-project/frontend/node_modules/next/dist/server/next-server.js:281:17)
[0]     at async DevServer.handleRequestImpl (/home/z/my-project/frontend/node_modules/next/dist/server/base-server.js:877:17)
[0]     at async /home/z/my-project/frontend/node_modules/next/dist/server/dev/next-dev-server.js:373:20
[0]     at async Span.traceAsyncFn (/home/z/my-project/frontend/node_modules/next/dist/trace/trace.js:157:20)
[0]     at async DevServer.handleRequest (/home/z/my-project/frontend/node_modules/next/dist/server/dev/next-dev-server.js:370:24)
[0]     at async invokeRender (/home/z/my-project/frontend/node_modules/next/dist/server/lib/router-server.js:183:21)
[0]     at async handleRequest (/home/z/my-project/frontend/node_modules/next/dist/server/lib/router-server.js:360:24)
[0]     at async requestHandlerImpl (/home/z/my-project/frontend/node_modules/next/dist/server/lib/router-server.js:384:13)
[0]     at async Server.requestListener (/home/z/my-project/frontend/node_modules/next/dist/server/lib/start-server.js:142:13) {
[0]   code: 'P2021',
[0]   meta: { modelName: 'Session', table: 'main.sessions' },
[0]   clientVersion: '6.13.0'
[0] }
[0]  GET /api/alerts 500 in 81ms
[0]  GET /api/community/stats 200 in 110ms
[0]  GET /api/community/feed 200 in 53ms
[0]  ⨯ next/dist/src/server/app-render/parse-and-validate-flight-router-state.tsx (40:11) @ <unknown>
[0]  ⨯ Error: The router state header was sent but could not be parsed.
[0]     at /home/z/my-project/frontend/node_modules/next/dist/compiled/next-server/app-page.runtime.dev.js:161:20908
[0]     at /home/z/my-project/frontend/node_modules/next/dist/compiled/next-server/app-page.runtime.dev.js:161:20977
[0]     at renderToHTMLOrFlight (/home/z/my-project/frontend/node_modules/next/dist/compiled/next-server/app-page.runtime.dev.js:161:22000)
[0]     at AppPageRouteModule.render (/home/z/my-project/frontend/node_modules/next/dist/compiled/next-server/app-page.runtime.dev.js:163:5115)
[0]     at doRender (/home/z/my-project/frontend/node_modules/next/dist/server/base-server.js:1587:48)
[0]     at responseGenerator (/home/z/my-project/frontend/node_modules/next/dist/server/base-server.js:1834:34)
[0]     at ResponseCache.get (/home/z/my-project/frontend/node_modules/next/dist/server/response-cache/index.js:49:20)
[0]     at DevServer.renderToResponseWithComponentsImpl (/home/z/my-project/frontend/node_modules/next/dist/server/base-server.js:1878:53)
[0]     at /home/z/my-project/frontend/node_modules/next/dist/server/base-server.js:1095:121
[0]     at NextTracerImpl.trace (/home/z/my-project/frontend/node_modules/next/dist/server/lib/trace/tracer.js:136:20)
[0]     at DevServer.renderToResponseWithComponents (/home/z/my-project/frontend/node_modules/next/dist/server/base-server.js:1095:41)
[0]     at DevServer.renderPageComponent (/home/z/my-project/frontend/node_modules/next/dist/server/base-server.js:2292:35)
[0]     at async DevServer.renderToResponseImpl (/home/z/my-project/frontend/node_modules/next/dist/server/base-server.js:2330:32)
[0]     at async DevServer.pipeImpl (/home/z/my-project/frontend/node_modules/next/dist/server/base-server.js:984:25)
[0]     at async NextNodeServer.handleCatchallRenderRequest (/home/z/my-project/frontend/node_modules/next/dist/server/next-server.js:281:17)
[0]     at async DevServer.handleRequestImpl (/home/z/my-project/frontend/node_modules/next/dist/server/base-server.js:877:17)
[0]     at async /home/z/my-project/frontend/node_modules/next/dist/server/dev/next-dev-server.js:373:20
[0]     at async Span.traceAsyncFn (/home/z/my-project/frontend/node_modules/next/dist/trace/trace.js:157:20)
[0]     at async DevServer.handleRequest (/home/z/my-project/frontend/node_modules/next/dist/server/dev/next-dev-server.js:370:24)
[0]     at async invokeRender (/home/z/my-project/frontend/node_modules/next/dist/server/lib/router-server.js:183:21)
[0]     at async handleRequest (/home/z/my-project/frontend/node_modules/next/dist/server/lib/router-server.js:360:24)
[0]     at async requestHandlerImpl (/home/z/my-project/frontend/node_modules/next/dist/server/lib/router-server.js:384:13)
[0]     at async Server.requestListener (/home/z/my-project/frontend/node_modules/next/dist/server/lib/start-server.js:142:13) {
[0]   page: '/admin'
[0] }
[0] [0m [90m 38 |[39m     [36mreturn[39m state[0m
[0] [0m [90m 39 |[39m   } [36mcatch[39m {[0m
[0] [0m[31m[1m>[22m[39m[90m 40 |[39m     [36mthrow[39m [36mnew[39m [33mError[39m([32m'The router state header was sent but could not be parsed.'[39m)[0m
[0] [0m [90m    |[39m           [31m[1m^[22m[39m[0m
[0] [0m [90m 41 |[39m   }[0m
[0] [0m [90m 42 |[39m }[0m
[0] [0m [90m 43 |[39m[0m
[0]  GET /admin?_rsc=1iwkq 500 in 107ms
[0]  GET /admin 200 in 72ms
[0]  GET /api/admin/users 401 in 55ms
[0]  ⨯ next/dist/src/server/app-render/parse-and-validate-flight-router-state.tsx (40:11) @ <unknown>
[0]  ⨯ Error: The router state header was sent but could not be parsed.
[0]     at /home/z/my-project/frontend/node_modules/next/dist/compiled/next-server/app-page.runtime.dev.js:161:20908
[0]     at /home/z/my-project/frontend/node_modules/next/dist/compiled/next-server/app-page.runtime.dev.js:161:20977
[0]     at renderToHTMLOrFlight (/home/z/my-project/frontend/node_modules/next/dist/compiled/next-server/app-page.runtime.dev.js:161:22000)
[0]     at AppPageRouteModule.render (/home/z/my-project/frontend/node_modules/next/dist/compiled/next-server/app-page.runtime.dev.js:163:5115)
[0]     at doRender (/home/z/my-project/frontend/node_modules/next/dist/server/base-server.js:1587:48)
[0]     at responseGenerator (/home/z/my-project/frontend/node_modules/next/dist/server/base-server.js:1834:34)
[0]     at ResponseCache.get (/home/z/my-project/frontend/node_modules/next/dist/server/response-cache/index.js:49:20)
[0]     at DevServer.renderToResponseWithComponentsImpl (/home/z/my-project/frontend/node_modules/next/dist/server/base-server.js:1878:53)
[0]     at /home/z/my-project/frontend/node_modules/next/dist/server/base-server.js:1095:121
[0]     at NextTracerImpl.trace (/home/z/my-project/frontend/node_modules/next/dist/server/lib/trace/tracer.js:136:20)
[0]     at DevServer.renderToResponseWithComponents (/home/z/my-project/frontend/node_modules/next/dist/server/base-server.js:1095:41)
[0]     at DevServer.renderPageComponent (/home/z/my-project/frontend/node_modules/next/dist/server/base-server.js:2292:35)
[0]     at async DevServer.renderToResponseImpl (/home/z/my-project/frontend/node_modules/next/dist/server/base-server.js:2330:32)
[0]     at async DevServer.pipeImpl (/home/z/my-project/frontend/node_modules/next/dist/server/base-server.js:984:25)
[0]     at async NextNodeServer.handleCatchallRenderRequest (/home/z/my-project/frontend/node_modules/next/dist/server/next-server.js:281:17)
[0]     at async DevServer.handleRequestImpl (/home/z/my-project/frontend/node_modules/next/dist/server/base-server.js:877:17)
[0]     at async /home/z/my-project/frontend/node_modules/next/dist/server/dev/next-dev-server.js:373:20
[0]     at async Span.traceAsyncFn (/home/z/my-project/frontend/node_modules/next/dist/trace/trace.js:157:20)
[0]     at async DevServer.handleRequest (/home/z/my-project/frontend/node_modules/next/dist/server/dev/next-dev-server.js:370:24)
[0]     at async invokeRender (/home/z/my-project/frontend/node_modules/next/dist/server/lib/router-server.js:183:21)
[0]     at async handleRequest (/home/z/my-project/frontend/node_modules/next/dist/server/lib/router-server.js:360:24)
[0]     at async requestHandlerImpl (/home/z/my-project/frontend/node_modules/next/dist/server/lib/router-server.js:384:13)
[0]     at async Server.requestListener (/home/z/my-project/frontend/node_modules/next/dist/server/lib/start-server.js:142:13) {
[0]   page: '/'
[0] }
[0] [0m [90m 38 |[39m     [36mreturn[39m state[0m
[0] [0m [90m 39 |[39m   } [36mcatch[39m {[0m
[0] [0m[31m[1m>[22m[39m[90m 40 |[39m     [36mthrow[39m [36mnew[39m [33mError[39m([32m'The router state header was sent but could not be parsed.'[39m)[0m
[0] [0m [90m    |[39m           [31m[1m^[22m[39m[0m
[0] [0m [90m 41 |[39m   }[0m
[0] [0m [90m 42 |[39m }[0m
[0] [0m [90m 43 |[39m[0m
[0]  GET /?_rsc=qerwb 500 in 113ms
[0]  GET / 200 in 105ms
[0] prisma:query SELECT `main`.`sessions`.`id`, `main`.`sessions`.`userId`, `main`.`sessions`.`sessionToken`, `main`.`sessions`.`expires`, `main`.`sessions`.`createdAt`, `main`.`sessions`.`updatedAt` FROM `main`.`sessions` WHERE (`main`.`sessions`.`sessionToken` = ? AND 1=1) LIMIT ? OFFSET ?
[0] Error fetching alerts: PrismaClientKnownRequestError: 
[0] Invalid `prisma.session.findUnique()` invocation:
[0] 
[0] 
[0] The table `main.sessions` does not exist in the current database.
[0]     at ri.handleRequestError (/home/z/my-project/frontend/node_modules/@prisma/client/runtime/library.js:121:7459)
[0]     at ri.handleAndLogRequestError (/home/z/my-project/frontend/node_modules/@prisma/client/runtime/library.js:121:6784)
[0]     at ri.request (/home/z/my-project/frontend/node_modules/@prisma/client/runtime/library.js:121:6491)
[0]     at async l (/home/z/my-project/frontend/node_modules/@prisma/client/runtime/library.js:130:9812)
[0]     at async GET (webpack-internal:///(rsc)/./src/app/api/alerts/route.ts:119:29)
[0]     at async AppRouteRouteModule.do (/home/z/my-project/frontend/node_modules/next/dist/compiled/next-server/app-route.runtime.dev.js:10:32709)
[0]     at async AppRouteRouteModule.handle (/home/z/my-project/frontend/node_modules/next/dist/compiled/next-server/app-route.runtime.dev.js:10:38210)
[0]     at async doRender (/home/z/my-project/frontend/node_modules/next/dist/server/base-server.js:1493:42)
[0]     at async responseGenerator (/home/z/my-project/frontend/node_modules/next/dist/server/base-server.js:1834:28)
[0]     at async DevServer.renderToResponseWithComponentsImpl (/home/z/my-project/frontend/node_modules/next/dist/server/base-server.js:1878:28)
[0]     at async DevServer.renderPageComponent (/home/z/my-project/frontend/node_modules/next/dist/server/base-server.js:2292:24)
[0]     at async DevServer.renderToResponseImpl (/home/z/my-project/frontend/node_modules/next/dist/server/base-server.js:2330:32)
[0]     at async DevServer.pipeImpl (/home/z/my-project/frontend/node_modules/next/dist/server/base-server.js:984:25)
[0]     at async NextNodeServer.handleCatchallRenderRequest (/home/z/my-project/frontend/node_modules/next/dist/server/next-server.js:281:17)
[0]     at async DevServer.handleRequestImpl (/home/z/my-project/frontend/node_modules/next/dist/server/base-server.js:877:17)
[0]     at async /home/z/my-project/frontend/node_modules/next/dist/server/dev/next-dev-server.js:373:20
[0]     at async Span.traceAsyncFn (/home/z/my-project/frontend/node_modules/next/dist/trace/trace.js:157:20)
[0]     at async DevServer.handleRequest (/home/z/my-project/frontend/node_modules/next/dist/server/dev/next-dev-server.js:370:24)
[0]     at async invokeRender (/home/z/my-project/frontend/node_modules/next/dist/server/lib/router-server.js:183:21)
[0]     at async handleRequest (/home/z/my-project/frontend/node_modules/next/dist/server/lib/router-server.js:360:24)
[0]     at async requestHandlerImpl (/home/z/my-project/frontend/node_modules/next/dist/server/lib/router-server.js:384:13)
[0]     at async Server.requestListener (/home/z/my-project/frontend/node_modules/next/dist/server/lib/start-server.js:142:13) {
[0]   code: 'P2021',
[0]   meta: { modelName: 'Session', table: 'main.sessions' },
[0]   clientVersion: '6.13.0'
[0] }
[0]  GET /api/alerts 500 in 85ms
[0]  GET /api/community/stats 200 in 186ms
[0]  GET /api/community/feed 200 in 174ms
[0]  ✓ Compiled in 735ms (1189 modules)
[0]  ⨯ next/dist/src/server/app-render/parse-and-validate-flight-router-state.tsx (40:11) @ <unknown>
[0]  ⨯ Error: The router state header was sent but could not be parsed.
[0]     at /home/z/my-project/frontend/node_modules/next/dist/compiled/next-server/app-page.runtime.dev.js:161:20908
[0]     at /home/z/my-project/frontend/node_modules/next/dist/compiled/next-server/app-page.runtime.dev.js:161:20977
[0]     at renderToHTMLOrFlight (/home/z/my-project/frontend/node_modules/next/dist/compiled/next-server/app-page.runtime.dev.js:161:22000)
[0]     at AppPageRouteModule.render (/home/z/my-project/frontend/node_modules/next/dist/compiled/next-server/app-page.runtime.dev.js:163:5115)
[0]     at doRender (/home/z/my-project/frontend/node_modules/next/dist/server/base-server.js:1587:48)
[0]     at responseGenerator (/home/z/my-project/frontend/node_modules/next/dist/server/base-server.js:1834:34)
[0]     at ResponseCache.get (/home/z/my-project/frontend/node_modules/next/dist/server/response-cache/index.js:49:20)
[0]     at DevServer.renderToResponseWithComponentsImpl (/home/z/my-project/frontend/node_modules/next/dist/server/base-server.js:1878:53)
[0]     at /home/z/my-project/frontend/node_modules/next/dist/server/base-server.js:1095:121
[0]     at NextTracerImpl.trace (/home/z/my-project/frontend/node_modules/next/dist/server/lib/trace/tracer.js:136:20)
[0]     at DevServer.renderToResponseWithComponents (/home/z/my-project/frontend/node_modules/next/dist/server/base-server.js:1095:41)
[0]     at DevServer.renderPageComponent (/home/z/my-project/frontend/node_modules/next/dist/server/base-server.js:2292:35)
[0]     at async DevServer.renderToResponseImpl (/home/z/my-project/frontend/node_modules/next/dist/server/base-server.js:2330:32)
[0]     at async DevServer.pipeImpl (/home/z/my-project/frontend/node_modules/next/dist/server/base-server.js:984:25)
[0]     at async NextNodeServer.handleCatchallRenderRequest (/home/z/my-project/frontend/node_modules/next/dist/server/next-server.js:281:17)
[0]     at async DevServer.handleRequestImpl (/home/z/my-project/frontend/node_modules/next/dist/server/base-server.js:877:17)
[0]     at async /home/z/my-project/frontend/node_modules/next/dist/server/dev/next-dev-server.js:373:20
[0]     at async Span.traceAsyncFn (/home/z/my-project/frontend/node_modules/next/dist/trace/trace.js:157:20)
[0]     at async DevServer.handleRequest (/home/z/my-project/frontend/node_modules/next/dist/server/dev/next-dev-server.js:370:24)
[0]     at async invokeRender (/home/z/my-project/frontend/node_modules/next/dist/server/lib/router-server.js:183:21)
[0]     at async handleRequest (/home/z/my-project/frontend/node_modules/next/dist/server/lib/router-server.js:360:24)
[0]     at async requestHandlerImpl (/home/z/my-project/frontend/node_modules/next/dist/server/lib/router-server.js:384:13)
[0]     at async Server.requestListener (/home/z/my-project/frontend/node_modules/next/dist/server/lib/start-server.js:142:13) {
[0]   page: '/admin'
[0] }
[0] [0m [90m 38 |[39m     [36mreturn[39m state[0m
[0] [0m [90m 39 |[39m   } [36mcatch[39m {[0m
[0] [0m[31m[1m>[22m[39m[90m 40 |[39m     [36mthrow[39m [36mnew[39m [33mError[39m([32m'The router state header was sent but could not be parsed.'[39m)[0m
[0] [0m [90m    |[39m           [31m[1m^[22m[39m[0m
[0] [0m [90m 41 |[39m   }[0m
[0] [0m [90m 42 |[39m }[0m
[0] [0m [90m 43 |[39m[0m
[0]  GET /admin?_rsc=1iwkq 500 in 214ms
[0]  GET /admin 200 in 332ms
[0]  GET /api/admin/users 401 in 64ms
[0]  ⨯ next/dist/src/server/app-render/parse-and-validate-flight-router-state.tsx (40:11) @ <unknown>
[0]  ⨯ Error: The router state header was sent but could not be parsed.
[0]     at /home/z/my-project/frontend/node_modules/next/dist/compiled/next-server/app-page.runtime.dev.js:161:20908
[0]     at /home/z/my-project/frontend/node_modules/next/dist/compiled/next-server/app-page.runtime.dev.js:161:20977
[0]     at renderToHTMLOrFlight (/home/z/my-project/frontend/node_modules/next/dist/compiled/next-server/app-page.runtime.dev.js:161:22000)
[0]     at AppPageRouteModule.render (/home/z/my-project/frontend/node_modules/next/dist/compiled/next-server/app-page.runtime.dev.js:163:5115)
[0]     at doRender (/home/z/my-project/frontend/node_modules/next/dist/server/base-server.js:1587:48)
[0]     at responseGenerator (/home/z/my-project/frontend/node_modules/next/dist/server/base-server.js:1834:34)
[0]     at ResponseCache.get (/home/z/my-project/frontend/node_modules/next/dist/server/response-cache/index.js:49:20)
[0]     at DevServer.renderToResponseWithComponentsImpl (/home/z/my-project/frontend/node_modules/next/dist/server/base-server.js:1878:53)
[0]     at /home/z/my-project/frontend/node_modules/next/dist/server/base-server.js:1095:121
[0]     at NextTracerImpl.trace (/home/z/my-project/frontend/node_modules/next/dist/server/lib/trace/tracer.js:136:20)
[0]     at DevServer.renderToResponseWithComponents (/home/z/my-project/frontend/node_modules/next/dist/server/base-server.js:1095:41)
[0]     at DevServer.renderPageComponent (/home/z/my-project/frontend/node_modules/next/dist/server/base-server.js:2292:35)
[0]     at async DevServer.renderToResponseImpl (/home/z/my-project/frontend/node_modules/next/dist/server/base-server.js:2330:32)
[0]     at async DevServer.pipeImpl (/home/z/my-project/frontend/node_modules/next/dist/server/base-server.js:984:25)
[0]     at async NextNodeServer.handleCatchallRenderRequest (/home/z/my-project/frontend/node_modules/next/dist/server/next-server.js:281:17)
[0]     at async DevServer.handleRequestImpl (/home/z/my-project/frontend/node_modules/next/dist/server/base-server.js:877:17)
[0]     at async /home/z/my-project/frontend/node_modules/next/dist/server/dev/next-dev-server.js:373:20
[0]     at async Span.traceAsyncFn (/home/z/my-project/frontend/node_modules/next/dist/trace/trace.js:157:20)
[0]     at async DevServer.handleRequest (/home/z/my-project/frontend/node_modules/next/dist/server/dev/next-dev-server.js:370:24)
[0]     at async invokeRender (/home/z/my-project/frontend/node_modules/next/dist/server/lib/router-server.js:183:21)
[0]     at async handleRequest (/home/z/my-project/frontend/node_modules/next/dist/server/lib/router-server.js:360:24)
[0]     at async requestHandlerImpl (/home/z/my-project/frontend/node_modules/next/dist/server/lib/router-server.js:384:13)
[0]     at async Server.requestListener (/home/z/my-project/frontend/node_modules/next/dist/server/lib/start-server.js:142:13) {
[0]   page: '/'
[0] }
[0] [0m [90m 38 |[39m     [36mreturn[39m state[0m
[0] [0m [90m 39 |[39m   } [36mcatch[39m {[0m
[0] [0m[31m[1m>[22m[39m[90m 40 |[39m     [36mthrow[39m [36mnew[39m [33mError[39m([32m'The router state header was sent but could not be parsed.'[39m)[0m
[0] [0m [90m    |[39m           [31m[1m^[22m[39m[0m
[0] [0m [90m 41 |[39m   }[0m
[0] [0m [90m 42 |[39m }[0m
[0] [0m [90m 43 |[39m[0m
[0]  GET /?_rsc=qerwb 500 in 133ms
[0]  GET / 200 in 113ms
[0]  GET /api/community/stats 200 in 79ms
[0] prisma:query SELECT 1
[0] prisma:query SELECT `main`.`sessions`.`id`, `main`.`sessions`.`userId`, `main`.`sessions`.`sessionToken`, `main`.`sessions`.`expires`, `main`.`sessions`.`createdAt`, `main`.`sessions`.`updatedAt` FROM `main`.`sessions` WHERE (`main`.`sessions`.`sessionToken` = ? AND 1=1) LIMIT ? OFFSET ?
[0]  GET /api/alerts 500 in 115ms
[0] Error fetching alerts: PrismaClientKnownRequestError: 
[0] Invalid `prisma.session.findUnique()` invocation:
[0] 
[0] 
[0] The table `main.sessions` does not exist in the current database.
[0]     at ri.handleRequestError (/home/z/my-project/frontend/node_modules/@prisma/client/runtime/library.js:121:7459)
[0]     at ri.handleAndLogRequestError (/home/z/my-project/frontend/node_modules/@prisma/client/runtime/library.js:121:6784)
[0]     at ri.request (/home/z/my-project/frontend/node_modules/@prisma/client/runtime/library.js:121:6491)
[0]     at async l (/home/z/my-project/frontend/node_modules/@prisma/client/runtime/library.js:130:9812)
[0]     at async GET (webpack-internal:///(rsc)/./src/app/api/alerts/route.ts:119:29)
[0]     at async AppRouteRouteModule.do (/home/z/my-project/frontend/node_modules/next/dist/compiled/next-server/app-route.runtime.dev.js:10:32709)
[0]     at async AppRouteRouteModule.handle (/home/z/my-project/frontend/node_modules/next/dist/compiled/next-server/app-route.runtime.dev.js:10:38210)
[0]     at async doRender (/home/z/my-project/frontend/node_modules/next/dist/server/base-server.js:1493:42)
[0]     at async responseGenerator (/home/z/my-project/frontend/node_modules/next/dist/server/base-server.js:1834:28)
[0]     at async DevServer.renderToResponseWithComponentsImpl (/home/z/my-project/frontend/node_modules/next/dist/server/base-server.js:1878:28)
[0]     at async DevServer.renderPageComponent (/home/z/my-project/frontend/node_modules/next/dist/server/base-server.js:2292:24)
[0]     at async DevServer.renderToResponseImpl (/home/z/my-project/frontend/node_modules/next/dist/server/base-server.js:2330:32)
[0]     at async DevServer.pipeImpl (/home/z/my-project/frontend/node_modules/next/dist/server/base-server.js:984:25)
[0]     at async NextNodeServer.handleCatchallRenderRequest (/home/z/my-project/frontend/node_modules/next/dist/server/next-server.js:281:17)
[0]     at async DevServer.handleRequestImpl (/home/z/my-project/frontend/node_modules/next/dist/server/base-server.js:877:17)
[0]     at async /home/z/my-project/frontend/node_modules/next/dist/server/dev/next-dev-server.js:373:20
[0]     at async Span.traceAsyncFn (/home/z/my-project/frontend/node_modules/next/dist/trace/trace.js:157:20)
[0]     at async DevServer.handleRequest (/home/z/my-project/frontend/node_modules/next/dist/server/dev/next-dev-server.js:370:24)
[0]     at async invokeRender (/home/z/my-project/frontend/node_modules/next/dist/server/lib/router-server.js:183:21)
[0]     at async handleRequest (/home/z/my-project/frontend/node_modules/next/dist/server/lib/router-server.js:360:24)
[0]     at async requestHandlerImpl (/home/z/my-project/frontend/node_modules/next/dist/server/lib/router-server.js:384:13)
[0]     at async Server.requestListener (/home/z/my-project/frontend/node_modules/next/dist/server/lib/start-server.js:142:13) {
[0]   code: 'P2021',
[0]   meta: { modelName: 'Session', table: 'main.sessions' },
[0]   clientVersion: '6.13.0'
[0] }
[0]  GET /api/community/feed 200 in 69ms
[0]  ○ Compiling /_not-found ...
[0]  ✓ Compiled /_not-found in 745ms (1192 modules)
[0]  ⨯ Error: The router state header was sent but could not be parsed.
[0]     at /home/z/my-project/frontend/node_modules/next/dist/compiled/next-server/app-page.runtime.dev.js:161:20908
[0]     at /home/z/my-project/frontend/node_modules/next/dist/compiled/next-server/app-page.runtime.dev.js:161:20977
[0]     at renderToHTMLOrFlight (/home/z/my-project/frontend/node_modules/next/dist/compiled/next-server/app-page.runtime.dev.js:161:22000)
[0]     at AppPageRouteModule.render (/home/z/my-project/frontend/node_modules/next/dist/compiled/next-server/app-page.runtime.dev.js:163:5115)
[0]     at doRender (/home/z/my-project/frontend/node_modules/next/dist/server/base-server.js:1587:48)
[0]     at responseGenerator (/home/z/my-project/frontend/node_modules/next/dist/server/base-server.js:1834:34)
[0]     at ResponseCache.get (/home/z/my-project/frontend/node_modules/next/dist/server/response-cache/index.js:49:20)
[0]     at DevServer.renderToResponseWithComponentsImpl (/home/z/my-project/frontend/node_modules/next/dist/server/base-server.js:1878:53)
[0]     at /home/z/my-project/frontend/node_modules/next/dist/server/base-server.js:1095:121
[0]     at NextTracerImpl.trace (/home/z/my-project/frontend/node_modules/next/dist/server/lib/trace/tracer.js:136:20)
[0]     at DevServer.renderToResponseWithComponents (/home/z/my-project/frontend/node_modules/next/dist/server/base-server.js:1095:41)
[0]     at DevServer.renderErrorToResponseImpl (/home/z/my-project/frontend/node_modules/next/dist/server/base-server.js:2550:35)
[0]     at async pipe.req.req (/home/z/my-project/frontend/node_modules/next/dist/server/base-server.js:2424:30)
[0]     at async DevServer.pipeImpl (/home/z/my-project/frontend/node_modules/next/dist/server/base-server.js:984:25)
[0]     at async /home/z/my-project/frontend/node_modules/next/dist/server/dev/next-dev-server.js:373:20
[0]     at async Span.traceAsyncFn (/home/z/my-project/frontend/node_modules/next/dist/trace/trace.js:157:20)
[0]     at async DevServer.handleRequest (/home/z/my-project/frontend/node_modules/next/dist/server/dev/next-dev-server.js:370:24)
[0]     at async invokeRender (/home/z/my-project/frontend/node_modules/next/dist/server/lib/router-server.js:183:21)
[0]     at async handleRequest (/home/z/my-project/frontend/node_modules/next/dist/server/lib/router-server.js:375:24)
[0]     at async requestHandlerImpl (/home/z/my-project/frontend/node_modules/next/dist/server/lib/router-server.js:384:13)
[0]     at async Server.requestListener (/home/z/my-project/frontend/node_modules/next/dist/server/lib/start-server.js:142:13)
[0]  GET /terms?_rsc=1iwkq 500 in 7151ms
[0]  ⨯ Error: The router state header was sent but could not be parsed.
[0]     at /home/z/my-project/frontend/node_modules/next/dist/compiled/next-server/app-page.runtime.dev.js:161:20908
[0]     at /home/z/my-project/frontend/node_modules/next/dist/compiled/next-server/app-page.runtime.dev.js:161:20977
[0]     at renderToHTMLOrFlight (/home/z/my-project/frontend/node_modules/next/dist/compiled/next-server/app-page.runtime.dev.js:161:22000)
[0]     at AppPageRouteModule.render (/home/z/my-project/frontend/node_modules/next/dist/compiled/next-server/app-page.runtime.dev.js:163:5115)
[0]     at doRender (/home/z/my-project/frontend/node_modules/next/dist/server/base-server.js:1587:48)
[0]     at responseGenerator (/home/z/my-project/frontend/node_modules/next/dist/server/base-server.js:1834:34)
[0]     at ResponseCache.get (/home/z/my-project/frontend/node_modules/next/dist/server/response-cache/index.js:49:20)
[0]     at DevServer.renderToResponseWithComponentsImpl (/home/z/my-project/frontend/node_modules/next/dist/server/base-server.js:1878:53)
[0]     at /home/z/my-project/frontend/node_modules/next/dist/server/base-server.js:1095:121
[0]     at NextTracerImpl.trace (/home/z/my-project/frontend/node_modules/next/dist/server/lib/trace/tracer.js:136:20)
[0]     at DevServer.renderToResponseWithComponents (/home/z/my-project/frontend/node_modules/next/dist/server/base-server.js:1095:41)
[0]     at DevServer.renderErrorToResponseImpl (/home/z/my-project/frontend/node_modules/next/dist/server/base-server.js:2550:35)
[0]     at async pipe.req.req (/home/z/my-project/frontend/node_modules/next/dist/server/base-server.js:2424:30)
[0]     at async DevServer.pipeImpl (/home/z/my-project/frontend/node_modules/next/dist/server/base-server.js:984:25)
[0]     at async /home/z/my-project/frontend/node_modules/next/dist/server/dev/next-dev-server.js:373:20
[0]     at async Span.traceAsyncFn (/home/z/my-project/frontend/node_modules/next/dist/trace/trace.js:157:20)
[0]     at async DevServer.handleRequest (/home/z/my-project/frontend/node_modules/next/dist/server/dev/next-dev-server.js:370:24)
[0]     at async invokeRender (/home/z/my-project/frontend/node_modules/next/dist/server/lib/router-server.js:183:21)
[0]     at async handleRequest (/home/z/my-project/frontend/node_modules/next/dist/server/lib/router-server.js:375:24)
[0]     at async requestHandlerImpl (/home/z/my-project/frontend/node_modules/next/dist/server/lib/router-server.js:384:13)
[0]     at async Server.requestListener (/home/z/my-project/frontend/node_modules/next/dist/server/lib/start-server.js:142:13)
[0]  GET /terms?_rsc=1iwkq 500 in 23ms
[0]  GET /terms 404 in 121ms
[0]  ✓ Compiled in 3s (1297 modules)
[0]  GET / 200 in 408ms
[0]  GET /api/community/feed 200 in 118ms
[0]  GET /api/community/stats 200 in 178ms
[0] Error fetching alerts: PrismaClientKnownRequestError: 
[0] Invalid `prisma.session.findUnique()` invocation:
[0] 
[0] 
[0] The table `main.sessions` does not exist in the current database.
[0]     at ri.handleRequestError (/home/z/my-project/frontend/node_modules/@prisma/client/runtime/library.js:121:7459)
[0]     at ri.handleAndLogRequestError (/home/z/my-project/frontend/node_modules/@prisma/client/runtime/library.js:121:6784)
[0]     at ri.request (/home/z/my-project/frontend/node_modules/@prisma/client/runtime/library.js:121:6491)
[0]     at async l (/home/z/my-project/frontend/node_modules/@prisma/client/runtime/library.js:130:9812)
[0]     at async GET (webpack-internal:///(rsc)/./src/app/api/alerts/route.ts:119:29)
[0]     at async AppRouteRouteModule.do (/home/z/my-project/frontend/node_modules/next/dist/compiled/next-server/app-route.runtime.dev.js:10:32709)
[0]     at async AppRouteRouteModule.handle (/home/z/my-project/frontend/node_modules/next/dist/compiled/next-server/app-route.runtime.dev.js:10:38210)
[0]     at async doRender (/home/z/my-project/frontend/node_modules/next/dist/server/base-server.js:1493:42)
[0]     at async responseGenerator (/home/z/my-project/frontend/node_modules/next/dist/server/base-server.js:1834:28)
[0]     at async DevServer.renderToResponseWithComponentsImpl (/home/z/my-project/frontend/node_modules/next/dist/server/base-server.js:1878:28)
[0]     at async DevServer.renderPageComponent (/home/z/my-project/frontend/node_modules/next/dist/server/base-server.js:2292:24)
[0]     at async DevServer.renderToResponseImpl (/home/z/my-project/frontend/node_modules/next/dist/server/base-server.js:2330:32)
[0]     at async DevServer.pipeImpl (/home/z/my-project/frontend/node_modules/next/dist/server/base-server.js:984:25)
[0]     at async NextNodeServer.handleCatchallRenderRequest (/home/z/my-project/frontend/node_modules/next/dist/server/next-server.js:281:17)
[0]     at async DevServer.handleRequestImpl (/home/z/my-project/frontend/node_modules/next/dist/server/base-server.js:877:17)
[0]     at async /home/z/my-project/frontend/node_modules/next/dist/server/dev/next-dev-server.js:373:20
[0]     at async Span.traceAsyncFn (/home/z/my-project/frontend/node_modules/next/dist/trace/trace.js:157:20)
[0]     at async DevServer.handleRequest (/home/z/my-project/frontend/node_modules/next/dist/server/dev/next-dev-server.js:370:24)
[0]     at async invokeRender (/home/z/my-project/frontend/node_modules/next/dist/server/lib/router-server.js:183:21)
[0]     at async handleRequest (/home/z/my-project/frontend/node_modules/next/dist/server/lib/router-server.js:360:24)
[0]     at async requestHandlerImpl (/home/z/my-project/frontend/node_modules/next/dist/server/lib/router-server.js:384:13)
[0]     at async Server.requestListener (/home/z/my-project/frontend/node_modules/next/dist/server/lib/start-server.js:142:13) {
[0]   code: 'P2021',
[0]   meta: { modelName: 'Session', table: 'main.sessions' },
[0]   clientVersion: '6.13.0'
[0] }
[0]  GET /api/alerts 500 in 191ms
[0] prisma:query SELECT 1
[0] prisma:query SELECT `main`.`sessions`.`id`, `main`.`sessions`.`userId`, `main`.`sessions`.`sessionToken`, `main`.`sessions`.`expires`, `main`.`sessions`.`createdAt`, `main`.`sessions`.`updatedAt` FROM `main`.`sessions` WHERE (`main`.`sessions`.`sessionToken` = ? AND 1=1) LIMIT ? OFFSET ?
[0]  ⨯ Error: The router state header was sent but could not be parsed.
[0]     at /home/z/my-project/frontend/node_modules/next/dist/compiled/next-server/app-page.runtime.dev.js:161:20908
[0]     at /home/z/my-project/frontend/node_modules/next/dist/compiled/next-server/app-page.runtime.dev.js:161:20977
[0]     at renderToHTMLOrFlight (/home/z/my-project/frontend/node_modules/next/dist/compiled/next-server/app-page.runtime.dev.js:161:22000)
[0]     at AppPageRouteModule.render (/home/z/my-project/frontend/node_modules/next/dist/compiled/next-server/app-page.runtime.dev.js:163:5115)
[0]     at doRender (/home/z/my-project/frontend/node_modules/next/dist/server/base-server.js:1587:48)
[0]     at responseGenerator (/home/z/my-project/frontend/node_modules/next/dist/server/base-server.js:1834:34)
[0]     at ResponseCache.get (/home/z/my-project/frontend/node_modules/next/dist/server/response-cache/index.js:49:20)
[0]     at DevServer.renderToResponseWithComponentsImpl (/home/z/my-project/frontend/node_modules/next/dist/server/base-server.js:1878:53)
[0]     at /home/z/my-project/frontend/node_modules/next/dist/server/base-server.js:1095:121
[0]     at NextTracerImpl.trace (/home/z/my-project/frontend/node_modules/next/dist/server/lib/trace/tracer.js:136:20)
[0]     at DevServer.renderToResponseWithComponents (/home/z/my-project/frontend/node_modules/next/dist/server/base-server.js:1095:41)
[0]     at DevServer.renderErrorToResponseImpl (/home/z/my-project/frontend/node_modules/next/dist/server/base-server.js:2550:35)
[0]     at async pipe.req.req (/home/z/my-project/frontend/node_modules/next/dist/server/base-server.js:2424:30)
[0]     at async DevServer.pipeImpl (/home/z/my-project/frontend/node_modules/next/dist/server/base-server.js:984:25)
[0]     at async /home/z/my-project/frontend/node_modules/next/dist/server/dev/next-dev-server.js:373:20
[0]     at async Span.traceAsyncFn (/home/z/my-project/frontend/node_modules/next/dist/trace/trace.js:157:20)
[0]     at async DevServer.handleRequest (/home/z/my-project/frontend/node_modules/next/dist/server/dev/next-dev-server.js:370:24)
[0]     at async invokeRender (/home/z/my-project/frontend/node_modules/next/dist/server/lib/router-server.js:183:21)
[0]     at async handleRequest (/home/z/my-project/frontend/node_modules/next/dist/server/lib/router-server.js:375:24)
[0]     at async requestHandlerImpl (/home/z/my-project/frontend/node_modules/next/dist/server/lib/router-server.js:384:13)
[0]     at async Server.requestListener (/home/z/my-project/frontend/node_modules/next/dist/server/lib/start-server.js:142:13)
[0]  GET /privacy?_rsc=1iwkq 500 in 75ms
[0]  GET /privacy 404 in 30ms
[0]  GET / 200 in 239ms
[0] prisma:query SELECT `main`.`sessions`.`id`, `main`.`sessions`.`userId`, `main`.`sessions`.`sessionToken`, `main`.`sessions`.`expires`, `main`.`sessions`.`createdAt`, `main`.`sessions`.`updatedAt` FROM `main`.`sessions` WHERE (`main`.`sessions`.`sessionToken` = ? AND 1=1) LIMIT ? OFFSET ?
[0] Error fetching alerts: PrismaClientKnownRequestError: 
[0] Invalid `prisma.session.findUnique()` invocation:
[0] 
[0] 
[0] The table `main.sessions` does not exist in the current database.
[0]     at ri.handleRequestError (/home/z/my-project/frontend/node_modules/@prisma/client/runtime/library.js:121:7459)
[0]     at ri.handleAndLogRequestError (/home/z/my-project/frontend/node_modules/@prisma/client/runtime/library.js:121:6784)
[0]     at ri.request (/home/z/my-project/frontend/node_modules/@prisma/client/runtime/library.js:121:6491)
[0]     at async l (/home/z/my-project/frontend/node_modules/@prisma/client/runtime/library.js:130:9812)
[0]     at async GET (webpack-internal:///(rsc)/./src/app/api/alerts/route.ts:119:29)
[0]     at async AppRouteRouteModule.do (/home/z/my-project/frontend/node_modules/next/dist/compiled/next-server/app-route.runtime.dev.js:10:32709)
[0]     at async AppRouteRouteModule.handle (/home/z/my-project/frontend/node_modules/next/dist/compiled/next-server/app-route.runtime.dev.js:10:38210)
[0]     at async doRender (/home/z/my-project/frontend/node_modules/next/dist/server/base-server.js:1493:42)
[0]     at async responseGenerator (/home/z/my-project/frontend/node_modules/next/dist/server/base-server.js:1834:28)
[0]     at async DevServer.renderToResponseWithComponentsImpl (/home/z/my-project/frontend/node_modules/next/dist/server/base-server.js:1878:28)
[0]     at async DevServer.renderPageComponent (/home/z/my-project/frontend/node_modules/next/dist/server/base-server.js:2292:24)
[0]     at async DevServer.renderToResponseImpl (/home/z/my-project/frontend/node_modules/next/dist/server/base-server.js:2330:32)
[0]     at async DevServer.pipeImpl (/home/z/my-project/frontend/node_modules/next/dist/server/base-server.js:984:25)
[0]     at async NextNodeServer.handleCatchallRenderRequest (/home/z/my-project/frontend/node_modules/next/dist/server/next-server.js:281:17)
[0]     at async DevServer.handleRequestImpl (/home/z/my-project/frontend/node_modules/next/dist/server/base-server.js:877:17)
[0]     at async /home/z/my-project/frontend/node_modules/next/dist/server/dev/next-dev-server.js:373:20
[0]     at async Span.traceAsyncFn (/home/z/my-project/frontend/node_modules/next/dist/trace/trace.js:157:20)
[0]     at async DevServer.handleRequest (/home/z/my-project/frontend/node_modules/next/dist/server/dev/next-dev-server.js:370:24)
[0]     at async invokeRender (/home/z/my-project/frontend/node_modules/next/dist/server/lib/router-server.js:183:21)
[0]     at async handleRequest (/home/z/my-project/frontend/node_modules/next/dist/server/lib/router-server.js:360:24)
[0]     at async requestHandlerImpl (/home/z/my-project/frontend/node_modules/next/dist/server/lib/router-server.js:384:13)
[0]     at async Server.requestListener (/home/z/my-project/frontend/node_modules/next/dist/server/lib/start-server.js:142:13) {
[0]   code: 'P2021',
[0]   meta: { modelName: 'Session', table: 'main.sessions' },
[0]   clientVersion: '6.13.0'
[0] }
[0]  GET /api/alerts 500 in 843ms
[0]  GET /api/community/feed 200 in 342ms
[0]  GET /api/community/stats 200 in 306ms
[0]  ✓ Compiled in 1352ms (1311 modules)
[0]  ○ Compiling /about ...
[0]  ⚠ ./src/app/about/page.tsx
[0] Attempted import error: 'Handshake' is not exported from '__barrel_optimize__?names=Award,Building,Clock,Globe,Handshake,Heart,Lightbulb,MapPin,Shield,Star,Target,TrendingUp,Users!=!lucide-react' (imported as 'Handshake').
[0] 
[0] Import trace for requested module:
[0] ./src/app/about/page.tsx
[0] 
[0] ./src/app/about/page.tsx
[0] Attempted import error: 'Handshake' is not exported from '__barrel_optimize__?names=Award,Building,Clock,Globe,Handshake,Heart,Lightbulb,MapPin,Shield,Star,Target,TrendingUp,Users!=!lucide-react' (imported as 'Handshake').
[0] 
[0] Import trace for requested module:
[0] ./src/app/about/page.tsx
[0]  ⨯ next/dist/src/server/app-render/parse-and-validate-flight-router-state.tsx (40:11) @ <unknown>
[0]  ⨯ Error: The router state header was sent but could not be parsed.
[0]     at /home/z/my-project/frontend/node_modules/next/dist/compiled/next-server/app-page.runtime.dev.js:161:20908
[0]     at /home/z/my-project/frontend/node_modules/next/dist/compiled/next-server/app-page.runtime.dev.js:161:20977
[0]     at renderToHTMLOrFlight (/home/z/my-project/frontend/node_modules/next/dist/compiled/next-server/app-page.runtime.dev.js:161:22000)
[0]     at AppPageRouteModule.render (/home/z/my-project/frontend/node_modules/next/dist/compiled/next-server/app-page.runtime.dev.js:163:5115)
[0]     at doRender (/home/z/my-project/frontend/node_modules/next/dist/server/base-server.js:1587:48)
[0]     at responseGenerator (/home/z/my-project/frontend/node_modules/next/dist/server/base-server.js:1834:34)
[0]     at ResponseCache.get (/home/z/my-project/frontend/node_modules/next/dist/server/response-cache/index.js:49:20)
[0]     at DevServer.renderToResponseWithComponentsImpl (/home/z/my-project/frontend/node_modules/next/dist/server/base-server.js:1878:53)
[0]     at /home/z/my-project/frontend/node_modules/next/dist/server/base-server.js:1095:121
[0]     at NextTracerImpl.trace (/home/z/my-project/frontend/node_modules/next/dist/server/lib/trace/tracer.js:136:20)
[0]     at DevServer.renderToResponseWithComponents (/home/z/my-project/frontend/node_modules/next/dist/server/base-server.js:1095:41)
[0]     at DevServer.renderPageComponent (/home/z/my-project/frontend/node_modules/next/dist/server/base-server.js:2292:35)
[0]     at async DevServer.renderToResponseImpl (/home/z/my-project/frontend/node_modules/next/dist/server/base-server.js:2330:32)
[0]     at async DevServer.pipeImpl (/home/z/my-project/frontend/node_modules/next/dist/server/base-server.js:984:25)
[0]     at async NextNodeServer.handleCatchallRenderRequest (/home/z/my-project/frontend/node_modules/next/dist/server/next-server.js:281:17)
[0]     at async DevServer.handleRequestImpl (/home/z/my-project/frontend/node_modules/next/dist/server/base-server.js:877:17)
[0]     at async /home/z/my-project/frontend/node_modules/next/dist/server/dev/next-dev-server.js:373:20
[0]     at async Span.traceAsyncFn (/home/z/my-project/frontend/node_modules/next/dist/trace/trace.js:157:20)
[0]     at async DevServer.handleRequest (/home/z/my-project/frontend/node_modules/next/dist/server/dev/next-dev-server.js:370:24)
[0]     at async invokeRender (/home/z/my-project/frontend/node_modules/next/dist/server/lib/router-server.js:183:21)
[0]     at async handleRequest (/home/z/my-project/frontend/node_modules/next/dist/server/lib/router-server.js:360:24)
[0]     at async requestHandlerImpl (/home/z/my-project/frontend/node_modules/next/dist/server/lib/router-server.js:384:13)
[0]     at async Server.requestListener (/home/z/my-project/frontend/node_modules/next/dist/server/lib/start-server.js:142:13) {
[0]   page: '/about'
[0] }
[0] [0m [90m 38 |[39m     [36mreturn[39m state[0m
[0] [0m [90m 39 |[39m   } [36mcatch[39m {[0m
[0] [0m[31m[1m>[22m[39m[90m 40 |[39m     [36mthrow[39m [36mnew[39m [33mError[39m([32m'The router state header was sent but could not be parsed.'[39m)[0m
[0] [0m [90m    |[39m           [31m[1m^[22m[39m[0m
[0] [0m [90m 41 |[39m   }[0m
[0] [0m [90m 42 |[39m }[0m
[0] [0m [90m 43 |[39m[0m
[0]  GET /about?_rsc=1iwkq 500 in 1600ms
[0] React.jsx: type is invalid -- expected a string (for built-in components) or a class/function (for composite components) but got: undefined. You likely forgot to export your component from the file it's defined in, or you might have mixed up default and named imports.
[0]  ⨯ next/dist/compiled/react-dom/cjs/react-dom-server.edge.development.js (5585:15) @ Error
[0]  ⨯ Internal error: Error: Element type is invalid: expected a string (for built-in components) or a class/function (for composite components) but got: undefined. You likely forgot to export your component from the file it's defined in, or you might have mixed up default and named imports.
[0]     at renderElement (/home/z/my-project/frontend/node_modules/next/dist/compiled/next-server/app-page.runtime.dev.js:25:135208)
[0]     at retryNode (/home/z/my-project/frontend/node_modules/next/dist/compiled/next-server/app-page.runtime.dev.js:25:139895)
[0]     at renderNodeDestructive (/home/z/my-project/frontend/node_modules/next/dist/compiled/next-server/app-page.runtime.dev.js:25:136300)
[0]     at renderNode (/home/z/my-project/frontend/node_modules/next/dist/compiled/next-server/app-page.runtime.dev.js:25:149016)
[0]     at renderElement (/home/z/my-project/frontend/node_modules/next/dist/compiled/next-server/app-page.runtime.dev.js:25:127205)
[0]     at retryNode (/home/z/my-project/frontend/node_modules/next/dist/compiled/next-server/app-page.runtime.dev.js:25:139895)
[0]     at renderNodeDestructive (/home/z/my-project/frontend/node_modules/next/dist/compiled/next-server/app-page.runtime.dev.js:25:136300)
[0]     at renderNode (/home/z/my-project/frontend/node_modules/next/dist/compiled/next-server/app-page.runtime.dev.js:25:149016)
[0]     at renderChildrenArray (/home/z/my-project/frontend/node_modules/next/dist/compiled/next-server/app-page.runtime.dev.js:25:146479)
[0]     at retryNode (/home/z/my-project/frontend/node_modules/next/dist/compiled/next-server/app-page.runtime.dev.js:25:140289)
[0]     at renderNodeDestructive (/home/z/my-project/frontend/node_modules/next/dist/compiled/next-server/app-page.runtime.dev.js:25:136300)
[0]     at renderNode (/home/z/my-project/frontend/node_modules/next/dist/compiled/next-server/app-page.runtime.dev.js:25:149016)
[0]     at renderElement (/home/z/my-project/frontend/node_modules/next/dist/compiled/next-server/app-page.runtime.dev.js:25:127205)
[0]     at retryNode (/home/z/my-project/frontend/node_modules/next/dist/compiled/next-server/app-page.runtime.dev.js:25:139895)
[0]     at renderNodeDestructive (/home/z/my-project/frontend/node_modules/next/dist/compiled/next-server/app-page.runtime.dev.js:25:136300)
[0]     at finishFunctionComponent (/home/z/my-project/frontend/node_modules/next/dist/compiled/next-server/app-page.runtime.dev.js:25:67730)
[0]     at renderElement (/home/z/my-project/frontend/node_modules/next/dist/compiled/next-server/app-page.runtime.dev.js:25:82929)
[0]     at retryNode (/home/z/my-project/frontend/node_modules/next/dist/compiled/next-server/app-page.runtime.dev.js:25:139895)
[0]     at renderNodeDestructive (/home/z/my-project/frontend/node_modules/next/dist/compiled/next-server/app-page.runtime.dev.js:25:136300)
[0]     at renderNode (/home/z/my-project/frontend/node_modules/next/dist/compiled/next-server/app-page.runtime.dev.js:25:149016)
[0]     at renderChildrenArray (/home/z/my-project/frontend/node_modules/next/dist/compiled/next-server/app-page.runtime.dev.js:25:146479)
[0]     at retryNode (/home/z/my-project/frontend/node_modules/next/dist/compiled/next-server/app-page.runtime.dev.js:25:140289)
[0]     at renderNodeDestructive (/home/z/my-project/frontend/node_modules/next/dist/compiled/next-server/app-page.runtime.dev.js:25:136300)
[0]     at renderNode (/home/z/my-project/frontend/node_modules/next/dist/compiled/next-server/app-page.runtime.dev.js:25:149016)
[0]     at renderElement (/home/z/my-project/frontend/node_modules/next/dist/compiled/next-server/app-page.runtime.dev.js:25:127205)
[0]     at retryNode (/home/z/my-project/frontend/node_modules/next/dist/compiled/next-server/app-page.runtime.dev.js:25:139895)
[0]     at renderNodeDestructive (/home/z/my-project/frontend/node_modules/next/dist/compiled/next-server/app-page.runtime.dev.js:25:136300)
[0]     at finishFunctionComponent (/home/z/my-project/frontend/node_modules/next/dist/compiled/next-server/app-page.runtime.dev.js:25:67730)
[0]     at renderElement (/home/z/my-project/frontend/node_modules/next/dist/compiled/next-server/app-page.runtime.dev.js:25:82929)
[0]     at retryNode (/home/z/my-project/frontend/node_modules/next/dist/compiled/next-server/app-page.runtime.dev.js:25:139895)
[0]     at renderNodeDestructive (/home/z/my-project/frontend/node_modules/next/dist/compiled/next-server/app-page.runtime.dev.js:25:136300)
[0]     at renderNode (/home/z/my-project/frontend/node_modules/next/dist/compiled/next-server/app-page.runtime.dev.js:25:149016)
[0]     at renderChildrenArray (/home/z/my-project/frontend/node_modules/next/dist/compiled/next-server/app-page.runtime.dev.js:25:146479)
[0]     at retryNode (/home/z/my-project/frontend/node_modules/next/dist/compiled/next-server/app-page.runtime.dev.js:25:140289)
[0]     at renderNodeDestructive (/home/z/my-project/frontend/node_modules/next/dist/compiled/next-server/app-page.runtime.dev.js:25:136300)
[0]     at renderNode (/home/z/my-project/frontend/node_modules/next/dist/compiled/next-server/app-page.runtime.dev.js:25:149016)
[0]     at renderElement (/home/z/my-project/frontend/node_modules/next/dist/compiled/next-server/app-page.runtime.dev.js:25:127205)
[0]     at retryNode (/home/z/my-project/frontend/node_modules/next/dist/compiled/next-server/app-page.runtime.dev.js:25:139895)
[0]     at renderNodeDestructive (/home/z/my-project/frontend/node_modules/next/dist/compiled/next-server/app-page.runtime.dev.js:25:136300)
[0]     at renderNode (/home/z/my-project/frontend/node_modules/next/dist/compiled/next-server/app-page.runtime.dev.js:25:149016)
[0]     at renderChildrenArray (/home/z/my-project/frontend/node_modules/next/dist/compiled/next-server/app-page.runtime.dev.js:25:146479)
[0]     at retryNode (/home/z/my-project/frontend/node_modules/next/dist/compiled/next-server/app-page.runtime.dev.js:25:140289)
[0]     at renderNodeDestructive (/home/z/my-project/frontend/node_modules/next/dist/compiled/next-server/app-page.runtime.dev.js:25:136300)
[0]     at renderNode (/home/z/my-project/frontend/node_modules/next/dist/compiled/next-server/app-page.runtime.dev.js:25:149016)
[0]     at renderElement (/home/z/my-project/frontend/node_modules/next/dist/compiled/next-server/app-page.runtime.dev.js:25:127205)
[0]     at retryNode (/home/z/my-project/frontend/node_modules/next/dist/compiled/next-server/app-page.runtime.dev.js:25:139895)
[0]     at renderNodeDestructive (/home/z/my-project/frontend/node_modules/next/dist/compiled/next-server/app-page.runtime.dev.js:25:136300)
[0]     at renderNode (/home/z/my-project/frontend/node_modules/next/dist/compiled/next-server/app-page.runtime.dev.js:25:149016)
[0]     at renderElement (/home/z/my-project/frontend/node_modules/next/dist/compiled/next-server/app-page.runtime.dev.js:25:127205)
[0]     at retryNode (/home/z/my-project/frontend/node_modules/next/dist/compiled/next-server/app-page.runtime.dev.js:25:139895)
[0] digest: "2222648988"
[0] [0m [90m 5583 |[39m           info [33m+=[39m[0m
[0] [0m [90m 5584 |[39m             [32m" You likely forgot to export your component from the file it's defined in, or you might have mixed up default and named imports."[39m[33m;[39m[0m
[0] [0m[31m[1m>[22m[39m[90m 5585 |[39m         [36mthrow[39m [33mError[39m([0m
[0] [0m [90m      |[39m               [31m[1m^[22m[39m[0m
[0] [0m [90m 5586 |[39m           [32m"Element type is invalid: expected a string (for built-in components) or a class/function (for composite components) but got: "[39m [33m+[39m[0m
[0] [0m [90m 5587 |[39m             (([36mnull[39m [33m==[39m type [33m?[39m type [33m:[39m [36mtypeof[39m type) [33m+[39m [32m"."[39m [33m+[39m info)[0m
[0] [0m [90m 5588 |[39m         )[33m;[39m[0m
[0]  GET /about 500 in 265ms
[0]  ⚠ ./src/app/about/page.tsx
[0] Attempted import error: 'Handshake' is not exported from '__barrel_optimize__?names=Award,Building,Clock,Globe,Handshake,Heart,Lightbulb,MapPin,Shield,Star,Target,TrendingUp,Users!=!lucide-react' (imported as 'Handshake').
[0] 
[0] Import trace for requested module:
[0] ./src/app/about/page.tsx
[0] 
[0] ./src/app/about/page.tsx
[0] Attempted import error: 'Handshake' is not exported from '__barrel_optimize__?names=Award,Building,Clock,Globe,Handshake,Heart,Lightbulb,MapPin,Shield,Star,Target,TrendingUp,Users!=!lucide-react' (imported as 'Handshake').
[0] 
[0] Import trace for requested module:
[0] ./src/app/about/page.tsx
[0]  ⚠ ./src/app/about/page.tsx
[0] Attempted import error: 'Handshake' is not exported from '__barrel_optimize__?names=Award,Building,Clock,Globe,Handshake,Heart,Lightbulb,MapPin,Shield,Star,Target,TrendingUp,Users!=!lucide-react' (imported as 'Handshake').
[0] 
[0] Import trace for requested module:
[0] ./src/app/about/page.tsx
[0] 
[0] ./src/app/about/page.tsx
[0] Attempted import error: 'Handshake' is not exported from '__barrel_optimize__?names=Award,Building,Clock,Globe,Handshake,Heart,Lightbulb,MapPin,Shield,Star,Target,TrendingUp,Users!=!lucide-react' (imported as 'Handshake').
[0] 
[0] Import trace for requested module:
[0] ./src/app/about/page.tsx
[0]  ⚠ ./src/app/about/page.tsx
[0] Attempted import error: 'Handshake' is not exported from '__barrel_optimize__?names=Award,Building,Clock,Globe,Handshake,Heart,Lightbulb,MapPin,Shield,Star,Target,TrendingUp,Users!=!lucide-react' (imported as 'Handshake').
[0] 
[0] Import trace for requested module:
[0] ./src/app/about/page.tsx
[0] 
[0] ./src/app/about/page.tsx
[0] Attempted import error: 'Handshake' is not exported from '__barrel_optimize__?names=Award,Building,Clock,Globe,Handshake,Heart,Lightbulb,MapPin,Shield,Star,Target,TrendingUp,Users!=!lucide-react' (imported as 'Handshake').
[0] 
[0] Import trace for requested module:
[0] ./src/app/about/page.tsx
[0]  ⚠ ./src/app/about/page.tsx
[0] Attempted import error: 'Handshake' is not exported from '__barrel_optimize__?names=Award,Building,Clock,Globe,Handshake,Heart,Lightbulb,MapPin,Shield,Star,Target,TrendingUp,Users!=!lucide-react' (imported as 'Handshake').
[0] 
[0] Import trace for requested module:
[0] ./src/app/about/page.tsx
[0] 
[0] ./src/app/about/page.tsx
[0] Attempted import error: 'Handshake' is not exported from '__barrel_optimize__?names=Award,Building,Clock,Globe,Handshake,Heart,Lightbulb,MapPin,Shield,Star,Target,TrendingUp,Users!=!lucide-react' (imported as 'Handshake').
[0] 
[0] Import trace for requested module:
[0] ./src/app/about/page.tsx
[0]  ⚠ ./src/app/about/page.tsx
[0] Attempted import error: 'Handshake' is not exported from '__barrel_optimize__?names=Award,Building,Clock,Globe,Handshake,Heart,Lightbulb,MapPin,Shield,Star,Target,TrendingUp,Users!=!lucide-react' (imported as 'Handshake').
[0] 
[0] Import trace for requested module:
[0] ./src/app/about/page.tsx
[0]  GET / 200 in 577ms
[0]  ⚠ ./src/app/about/page.tsx
[0] Attempted import error: 'Handshake' is not exported from '__barrel_optimize__?names=Award,Building,Clock,Globe,Handshake,Heart,Lightbulb,MapPin,Shield,Star,Target,TrendingUp,Users!=!lucide-react' (imported as 'Handshake').
[0] 
[0] Import trace for requested module:
[0] ./src/app/about/page.tsx
[0]  ⚠ ./src/app/about/page.tsx
[0] Attempted import error: 'Handshake' is not exported from '__barrel_optimize__?names=Award,Building,Clock,Globe,Handshake,Heart,Lightbulb,MapPin,Shield,Star,Target,TrendingUp,Users!=!lucide-react' (imported as 'Handshake').
[0] 
[0] Import trace for requested module:
[0] ./src/app/about/page.tsx
[0]  ⚠ ./src/app/about/page.tsx
[0] Attempted import error: 'Handshake' is not exported from '__barrel_optimize__?names=Award,Building,Clock,Globe,Handshake,Heart,Lightbulb,MapPin,Shield,Star,Target,TrendingUp,Users!=!lucide-react' (imported as 'Handshake').
[0] 
[0] Import trace for requested module:
[0] ./src/app/about/page.tsx
[0]  ⚠ ./src/app/about/page.tsx
[0] Attempted import error: 'Handshake' is not exported from '__barrel_optimize__?names=Award,Building,Clock,Globe,Handshake,Heart,Lightbulb,MapPin,Shield,Star,Target,TrendingUp,Users!=!lucide-react' (imported as 'Handshake').
[0] 
[0] Import trace for requested module:
[0] ./src/app/about/page.tsx
[0]  GET /api/community/feed 200 in 880ms
[0] prisma:query SELECT 1
[0] prisma:query SELECT `main`.`sessions`.`id`, `main`.`sessions`.`userId`, `main`.`sessions`.`sessionToken`, `main`.`sessions`.`expires`, `main`.`sessions`.`createdAt`, `main`.`sessions`.`updatedAt` FROM `main`.`sessions` WHERE (`main`.`sessions`.`sessionToken` = ? AND 1=1) LIMIT ? OFFSET ?
[0] Error fetching alerts: PrismaClientKnownRequestError: 
[0] Invalid `prisma.session.findUnique()` invocation:
[0] 
[0] 
[0] The table `main.sessions` does not exist in the current database.
[0]     at ri.handleRequestError (/home/z/my-project/frontend/node_modules/@prisma/client/runtime/library.js:121:7459)
[0]     at ri.handleAndLogRequestError (/home/z/my-project/frontend/node_modules/@prisma/client/runtime/library.js:121:6784)
[0]     at ri.request (/home/z/my-project/frontend/node_modules/@prisma/client/runtime/library.js:121:6491)
[0]     at async l (/home/z/my-project/frontend/node_modules/@prisma/client/runtime/library.js:130:9812)
[0]     at async GET (webpack-internal:///(rsc)/./src/app/api/alerts/route.ts:119:29)
[0]     at async AppRouteRouteModule.do (/home/z/my-project/frontend/node_modules/next/dist/compiled/next-server/app-route.runtime.dev.js:10:32709)
[0]     at async AppRouteRouteModule.handle (/home/z/my-project/frontend/node_modules/next/dist/compiled/next-server/app-route.runtime.dev.js:10:38210)
[0]     at async doRender (/home/z/my-project/frontend/node_modules/next/dist/server/base-server.js:1493:42)
[0]     at async responseGenerator (/home/z/my-project/frontend/node_modules/next/dist/server/base-server.js:1834:28)
[0]     at async DevServer.renderToResponseWithComponentsImpl (/home/z/my-project/frontend/node_modules/next/dist/server/base-server.js:1878:28)
[0]     at async DevServer.renderPageComponent (/home/z/my-project/frontend/node_modules/next/dist/server/base-server.js:2292:24)
[0]     at async DevServer.renderToResponseImpl (/home/z/my-project/frontend/node_modules/next/dist/server/base-server.js:2330:32)
[0]     at async DevServer.pipeImpl (/home/z/my-project/frontend/node_modules/next/dist/server/base-server.js:984:25)
[0]     at async NextNodeServer.handleCatchallRenderRequest (/home/z/my-project/frontend/node_modules/next/dist/server/next-server.js:281:17)
[0]     at async DevServer.handleRequestImpl (/home/z/my-project/frontend/node_modules/next/dist/server/base-server.js:877:17)
[0]     at async /home/z/my-project/frontend/node_modules/next/dist/server/dev/next-dev-server.js:373:20
[0]     at async Span.traceAsyncFn (/home/z/my-project/frontend/node_modules/next/dist/trace/trace.js:157:20)
[0]     at async DevServer.handleRequest (/home/z/my-project/frontend/node_modules/next/dist/server/dev/next-dev-server.js:370:24)
[0]     at async invokeRender (/home/z/my-project/frontend/node_modules/next/dist/server/lib/router-server.js:183:21)
[0]     at async handleRequest (/home/z/my-project/frontend/node_modules/next/dist/server/lib/router-server.js:360:24)
[0]     at async requestHandlerImpl (/home/z/my-project/frontend/node_modules/next/dist/server/lib/router-server.js:384:13)
[0]     at async Server.requestListener (/home/z/my-project/frontend/node_modules/next/dist/server/lib/start-server.js:142:13) {
[0]   code: 'P2021',
[0]   meta: { modelName: 'Session', table: 'main.sessions' },
[0]   clientVersion: '6.13.0'
[0] }
[0]  GET /api/alerts 500 in 983ms
[0] prisma:query SELECT COUNT(*) AS `_count._all` FROM (SELECT `main`.`found_items`.`id` FROM `main`.`found_items` WHERE 1=1 LIMIT ? OFFSET ?) AS `sub`
[0] prisma:query SELECT COUNT(*) AS `_count._all` FROM (SELECT `main`.`neighborhoods`.`id` FROM `main`.`neighborhoods` WHERE 1=1 LIMIT ? OFFSET ?) AS `sub`
[0] prisma:query SELECT COUNT(*) AS `_count._all` FROM (SELECT `main`.`skills`.`id` FROM `main`.`skills` WHERE `main`.`skills`.`isActive` = ? LIMIT ? OFFSET ?) AS `sub`
[0] Error fetching community stats: PrismaClientKnownRequestError: 
[0] Invalid `prisma.neighborhood.count()` invocation:
[0] 
[0] 
[0] The table `main.neighborhoods` does not exist in the current database.
[0]     at ri.handleRequestError (/home/z/my-project/frontend/node_modules/@prisma/client/runtime/library.js:121:7459)
[0]     at ri.handleAndLogRequestError (/home/z/my-project/frontend/node_modules/@prisma/client/runtime/library.js:121:6784)
[0]     at ri.request (/home/z/my-project/frontend/node_modules/@prisma/client/runtime/library.js:121:6491)
[0]     at async l (/home/z/my-project/frontend/node_modules/@prisma/client/runtime/library.js:130:9812)
[0]     at async Promise.all (index 2)
[0]     at async GET (webpack-internal:///(rsc)/./src/app/api/community/stats/route.ts:12:138)
[0]     at async AppRouteRouteModule.do (/home/z/my-project/frontend/node_modules/next/dist/compiled/next-server/app-route.runtime.dev.js:10:32709)
[0]     at async AppRouteRouteModule.handle (/home/z/my-project/frontend/node_modules/next/dist/compiled/next-server/app-route.runtime.dev.js:10:38210)
[0]     at async doRender (/home/z/my-project/frontend/node_modules/next/dist/server/base-server.js:1493:42)
[0]     at async responseGenerator (/home/z/my-project/frontend/node_modules/next/dist/server/base-server.js:1834:28)
[0]     at async DevServer.renderToResponseWithComponentsImpl (/home/z/my-project/frontend/node_modules/next/dist/server/base-server.js:1878:28)
[0]     at async DevServer.renderPageComponent (/home/z/my-project/frontend/node_modules/next/dist/server/base-server.js:2292:24)
[0]     at async DevServer.renderToResponseImpl (/home/z/my-project/frontend/node_modules/next/dist/server/base-server.js:2330:32)
[0]     at async DevServer.pipeImpl (/home/z/my-project/frontend/node_modules/next/dist/server/base-server.js:984:25)
[0]     at async NextNodeServer.handleCatchallRenderRequest (/home/z/my-project/frontend/node_modules/next/dist/server/next-server.js:281:17)
[0]     at async DevServer.handleRequestImpl (/home/z/my-project/frontend/node_modules/next/dist/server/base-server.js:877:17)
[0]     at async /home/z/my-project/frontend/node_modules/next/dist/server/dev/next-dev-server.js:373:20
[0]     at async Span.traceAsyncFn (/home/z/my-project/frontend/node_modules/next/dist/trace/trace.js:157:20)
[0]     at async DevServer.handleRequest (/home/z/my-project/frontend/node_modules/next/dist/server/dev/next-dev-server.js:370:24)
[0]     at async invokeRender (/home/z/my-project/frontend/node_modules/next/dist/server/lib/router-server.js:183:21)
[0]     at async handleRequest (/home/z/my-project/frontend/node_modules/next/dist/server/lib/router-server.js:360:24)
[0]     at async requestHandlerImpl (/home/z/my-project/frontend/node_modules/next/dist/server/lib/router-server.js:384:13)
[0]     at async Server.requestListener (/home/z/my-project/frontend/node_modules/next/dist/server/lib/start-server.js:142:13) {
[0]   code: 'P2021',
[0]   meta: { modelName: 'Neighborhood', table: 'main.neighborhoods' },
[0]   clientVersion: '6.13.0'
[0] }
[0]  GET /api/community/stats 500 in 1031ms
[0] prisma:query SELECT COUNT(*) AS `_count._all` FROM (SELECT `main`.`power_outages`.`id` FROM `main`.`power_outages` WHERE 1=1 LIMIT ? OFFSET ?) AS `sub`
[0] prisma:query SELECT COUNT(*) AS `_count._all` FROM (SELECT `main`.`users`.`id` FROM `main`.`users` WHERE 1=1 LIMIT ? OFFSET ?) AS `sub`
[0] prisma:query SELECT COUNT(*) AS `_count._all` FROM (SELECT `main`.`water_schedules`.`id` FROM `main`.`water_schedules` WHERE 1=1 LIMIT ? OFFSET ?) AS `sub`
[0] prisma:query SELECT COUNT(*) AS `_count._all` FROM (SELECT `main`.`parking_spots`.`id` FROM `main`.`parking_spots` WHERE `main`.`parking_spots`.`isAvailable` = ? LIMIT ? OFFSET ?) AS `sub`
[0] prisma:query SELECT COUNT(*) AS `_count._all` FROM (SELECT `main`.`lost_items`.`id` FROM `main`.`lost_items` WHERE 1=1 LIMIT ? OFFSET ?) AS `sub`
[0] prisma:query SELECT COUNT(*) AS `_count._all` FROM (SELECT `main`.`users`.`id` FROM `main`.`users` WHERE `main`.`users`.`isActive` = ? LIMIT ? OFFSET ?) AS `sub`
[0]  ⚠ ./src/app/about/page.tsx
[0] Attempted import error: 'Handshake' is not exported from '__barrel_optimize__?names=Award,Building,Clock,Globe,Handshake,Heart,Lightbulb,MapPin,Shield,Star,Target,TrendingUp,Users!=!lucide-react' (imported as 'Handshake').
[0] 
[0] Import trace for requested module:
[0] ./src/app/about/page.tsx
[0]  ⚠ ./src/app/about/page.tsx
[0] Attempted import error: 'Handshake' is not exported from '__barrel_optimize__?names=Award,Building,Clock,Globe,Handshake,Heart,Lightbulb,MapPin,Shield,Star,Target,TrendingUp,Users!=!lucide-react' (imported as 'Handshake').
[0] 
[0] Import trace for requested module:
[0] ./src/app/about/page.tsx
[0]  ⚠ ./src/app/about/page.tsx
[0] Attempted import error: 'Handshake' is not exported from '__barrel_optimize__?names=Award,Building,Clock,Globe,Handshake,Heart,Lightbulb,MapPin,Shield,Star,Target,TrendingUp,Users!=!lucide-react' (imported as 'Handshake').
[0] 
[0] Import trace for requested module:
[0] ./src/app/about/page.tsx
[0]  ⚠ ./src/app/about/page.tsx
[0] Attempted import error: 'Handshake' is not exported from '__barrel_optimize__?names=Award,Building,Clock,Globe,Handshake,Heart,Lightbulb,MapPin,Shield,Star,Target,TrendingUp,Users!=!lucide-react' (imported as 'Handshake').
[0] 
[0] Import trace for requested module:
[0] ./src/app/about/page.tsx
[0]  ⚠ ./src/app/about/page.tsx
[0] Attempted import error: 'Handshake' is not exported from '__barrel_optimize__?names=Award,Building,Clock,Globe,Handshake,Heart,Lightbulb,MapPin,Shield,Star,Target,TrendingUp,Users!=!lucide-react' (imported as 'Handshake').
[0] 
[0] Import trace for requested module:
[0] ./src/app/about/page.tsx
[0]  ⚠ ./src/app/about/page.tsx
[0] Attempted import error: 'Handshake' is not exported from '__barrel_optimize__?names=Award,Building,Clock,Globe,Handshake,Heart,Lightbulb,MapPin,Shield,Star,Target,TrendingUp,Users!=!lucide-react' (imported as 'Handshake').
[0] 
[0] Import trace for requested module:
[0] ./src/app/about/page.tsx
[0]  GET / 200 in 2869ms
[0]  ⚠ ./src/app/about/page.tsx
[0] Attempted import error: 'Handshake' is not exported from '__barrel_optimize__?names=Award,Building,Clock,Globe,Handshake,Heart,Lightbulb,MapPin,Shield,Star,Target,TrendingUp,Users!=!lucide-react' (imported as 'Handshake').
[0] 
[0] Import trace for requested module:
[0] ./src/app/about/page.tsx
[0]  ⚠ ./src/app/about/page.tsx
[0] Attempted import error: 'Handshake' is not exported from '__barrel_optimize__?names=Award,Building,Clock,Globe,Handshake,Heart,Lightbulb,MapPin,Shield,Star,Target,TrendingUp,Users!=!lucide-react' (imported as 'Handshake').
[0] 
[0] Import trace for requested module:
[0] ./src/app/about/page.tsx
[0]  GET /_next/static/chunks/main-app.js?v=1754641238576 404 in 833ms
[0]  GET /_next/static/css/app/layout.css?v=1754641238576 404 in 1019ms
[0]  GET /_next/static/chunks/app-pages-internals.js 404 in 833ms
[0]  GET / 200 in 507ms
[0]  GET /_next/static/css/app/layout.css?v=1754642405322 404 in 59ms
[0]  GET /_next/static/chunks/main-app.js?v=1754642405322 404 in 25ms
[0]  GET /_next/static/chunks/app-pages-internals.js 404 in 22ms
[0]  GET / 404 in 63ms
[0]  ⚠ ./src/app/about/page.tsx
[0] Attempted import error: 'Handshake' is not exported from '__barrel_optimize__?names=Award,Building,Clock,Globe,Handshake,Heart,Lightbulb,MapPin,Shield,Star,Target,TrendingUp,Users!=!lucide-react' (imported as 'Handshake').
[0] 
[0] Import trace for requested module:
[0] ./src/app/about/page.tsx
[0]  ⚠ ./src/app/about/page.tsx
[0] Attempted import error: 'Handshake' is not exported from '__barrel_optimize__?names=Award,Building,Clock,Globe,Handshake,Heart,Lightbulb,MapPin,Shield,Star,Target,TrendingUp,Users!=!lucide-react' (imported as 'Handshake').
[0] 
[0] Import trace for requested module:
[0] ./src/app/about/page.tsx
[0]  GET / 404 in 316ms
[0]  GET / 404 in 72ms
[0]  GET / 404 in 79ms
[0]  GET / 404 in 67ms
[0]  GET / 404 in 78ms
[0]  GET / 404 in 61ms
[0]  GET / 404 in 72ms
[0]  GET / 404 in 122ms
[0]  GET / 404 in 142ms
[0]  GET / 404 in 56ms
[0]  GET / 404 in 68ms
[0]  GET / 404 in 132ms
[0]  GET / 404 in 89ms
[0]  ⚠ ./src/app/about/page.tsx
[0] Attempted import error: 'Handshake' is not exported from '__barrel_optimize__?names=Award,Building,Clock,Globe,Handshake,Heart,Lightbulb,MapPin,Shield,Star,Target,TrendingUp,Users!=!lucide-react' (imported as 'Handshake').
[0] 
[0] Import trace for requested module:
[0] ./src/app/about/page.tsx
[0]  GET / 404 in 1306ms
[0]  GET / 404 in 79ms
[0]  GET / 404 in 80ms
[0]  GET / 404 in 74ms
[0]  ⚠ ./src/app/about/page.tsx
[0] Attempted import error: 'Handshake' is not exported from '__barrel_optimize__?names=Award,Building,Clock,Globe,Handshake,Heart,Lightbulb,MapPin,Shield,Star,Target,TrendingUp,Users!=!lucide-react' (imported as 'Handshake').
[0] 
[0] Import trace for requested module:
[0] ./src/app/about/page.tsx
[0]  GET / 404 in 1113ms
[0]  GET / 404 in 140ms
[0]  GET / 404 in 70ms
[0]  GET / 404 in 86ms
[0]  GET / 404 in 61ms
[0]  GET / 404 in 75ms
[0]  GET / 404 in 65ms
[0]  GET / 404 in 73ms
[0]  GET / 404 in 68ms
[0]  GET / 404 in 73ms
[0]  GET / 404 in 130ms
[0]  GET / 404 in 81ms
[0]  GET / 404 in 120ms
[0]  GET / 404 in 69ms
[0]  GET / 404 in 67ms
[0]  GET / 404 in 72ms
[0]  GET / 404 in 71ms
[0]  GET / 404 in 78ms
[0]  GET / 404 in 100ms
[0]  GET / 404 in 63ms
[0]  GET / 404 in 67ms
[0]  GET / 404 in 63ms
[0]  GET / 404 in 86ms
[0]  GET / 404 in 74ms
[0]  GET / 404 in 127ms
[0]  GET / 404 in 66ms
[0]  GET / 404 in 100ms
[0]  GET / 404 in 80ms
[0]  GET / 404 in 83ms
[0]  GET / 404 in 84ms
[0]  GET / 404 in 76ms
[0]  GET / 404 in 105ms
[0]  GET / 404 in 54ms
[0]  GET / 404 in 80ms
[0]  GET / 404 in 68ms
[0]  GET / 404 in 65ms
[0]  GET / 404 in 70ms
[0]  GET / 404 in 107ms
[0]  GET / 404 in 87ms
[0]  GET / 404 in 72ms
[0]  GET / 404 in 60ms
[0]  GET / 404 in 84ms
[0]  GET / 404 in 63ms
[0]  GET / 404 in 73ms
[0]  GET / 404 in 105ms
[0]  GET / 404 in 98ms
[0]  GET / 404 in 653ms
[0]  GET / 404 in 88ms
[0]  GET / 404 in 888ms
[0]  GET / 404 in 65ms
[0]  GET / 404 in 72ms
[0]  GET / 404 in 64ms
[0]  GET / 404 in 67ms
[0]  GET / 404 in 61ms
[0]  GET / 404 in 72ms
[0]  GET / 404 in 66ms
[0]  GET / 404 in 63ms
[0]  GET / 404 in 64ms
[0]  GET / 404 in 58ms
[0]  GET / 404 in 90ms
[0]  GET / 404 in 149ms
[0]  GET / 404 in 109ms
[0]  GET / 404 in 64ms
[0]  GET / 404 in 129ms
[0]  GET / 404 in 73ms
[0]  GET /_next/static/css/app/layout.css?v=1754642980493 404 in 29ms
[0]  GET /_next/static/chunks/main-app.js?v=1754642980493 404 in 22ms
[0]  GET /_next/static/chunks/app-pages-internals.js 404 in 32ms
[0]  GET / 404 in 125ms
[0]  ⚠ ./src/app/about/page.tsx
[0] Attempted import error: 'Handshake' is not exported from '__barrel_optimize__?names=Award,Building,Clock,Globe,Handshake,Heart,Lightbulb,MapPin,Shield,Star,Target,TrendingUp,Users!=!lucide-react' (imported as 'Handshake').
[0] 
[0] Import trace for requested module:
[0] ./src/app/about/page.tsx
[0] <w> [webpack.cache.PackFileCacheStrategy] Caching failed for pack: Error: incorrect header check
[0]  ⚠ ./src/app/about/page.tsx
[0] Attempted import error: 'Handshake' is not exported from '__barrel_optimize__?names=Award,Building,Clock,Globe,Handshake,Heart,Lightbulb,MapPin,Shield,Star,Target,TrendingUp,Users!=!lucide-react' (imported as 'Handshake').
[0] 
[0] Import trace for requested module:
[0] ./src/app/about/page.tsx
[0]  ⚠ ./src/app/about/page.tsx
[0] Attempted import error: 'Handshake' is not exported from '__barrel_optimize__?names=Award,Building,Clock,Globe,Handshake,Heart,Lightbulb,MapPin,Shield,Star,Target,TrendingUp,Users!=!lucide-react' (imported as 'Handshake').
[0] 
[0] Import trace for requested module:
[0] ./src/app/about/page.tsx
[0]  GET / 404 in 1083ms
[0]  GET /_next/static/css/app/layout.css?v=1754643126263 404 in 34ms
[0]  GET /_next/static/chunks/main-app.js?v=1754643126263 404 in 18ms
[0]  GET /_next/static/chunks/app-pages-internals.js 404 in 17ms
[0]  ⚠ ./src/app/about/page.tsx
[0] Attempted import error: 'Handshake' is not exported from '__barrel_optimize__?names=Award,Building,Clock,Globe,Handshake,Heart,Lightbulb,MapPin,Shield,Star,Target,TrendingUp,Users!=!lucide-react' (imported as 'Handshake').
[0] 
[0] Import trace for requested module:
[0] ./src/app/about/page.tsx
[0] <w> [webpack.cache.PackFileCacheStrategy] Caching failed for pack: Error: incorrect header check
[0]  ⚠ ./src/app/about/page.tsx
[0] Attempted import error: 'Handshake' is not exported from '__barrel_optimize__?names=Award,Building,Clock,Globe,Handshake,Heart,Lightbulb,MapPin,Shield,Star,Target,TrendingUp,Users!=!lucide-react' (imported as 'Handshake').
[0] 
[0] Import trace for requested module:
[0] ./src/app/about/page.tsx
[0]  ⚠ ./src/app/about/page.tsx
[0] Attempted import error: 'Handshake' is not exported from '__barrel_optimize__?names=Award,Building,Clock,Globe,Handshake,Heart,Lightbulb,MapPin,Shield,Star,Target,TrendingUp,Users!=!lucide-react' (imported as 'Handshake').
[0] 
[0] Import trace for requested module:
[0] ./src/app/about/page.tsx
[0]  GET / 404 in 1479ms
[0]  GET / 200 in 257ms
[0]  GET /_next/static/css/app/layout.css?v=1754643787613 404 in 186ms
[0]  GET /_next/static/chunks/app-pages-internals.js 404 in 190ms
[0]  GET /_next/static/chunks/main-app.js?v=1754643787613 404 in 190ms
[0] <w> [webpack.cache.PackFileCacheStrategy] Caching failed for pack: Error: incorrect header check
[0]  HEAD / 200 in 64ms
[0]  GET / 200 in 73ms
[0]  GET /_next/static/css/app/layout.css?v=1754643897672 404 in 59ms
[0]  GET /_next/static/chunks/main-app.js?v=1754643897672 404 in 50ms
[0]  GET /_next/static/chunks/app-pages-internals.js 404 in 45ms
[0]  GET /_next/static/chunks/app/layout.js 404 in 44ms
[0]  GET /_next/static/chunks/app/page.js 404 in 43ms
[0]  GET / 404 in 83ms
[0]  GET / 404 in 45ms
[0]  GET / 404 in 53ms
[0]  GET / 404 in 47ms
[0]  GET / 404 in 50ms
[0]  GET / 404 in 60ms
[0]  GET / 404 in 72ms
[0]  GET / 404 in 176ms
[0]  GET / 404 in 71ms
[0]  GET / 404 in 94ms
[0]  GET / 404 in 56ms
[0]  GET / 404 in 56ms
[0]  GET / 404 in 56ms
[0]  GET / 404 in 51ms
[0]  GET / 404 in 59ms
[0]  GET / 404 in 45ms
[0]  GET / 404 in 59ms
[0]  GET / 404 in 57ms
[0]  GET / 404 in 51ms
[0]  GET / 404 in 47ms
[0]  GET / 404 in 60ms
[0]  GET / 404 in 49ms
[0]  GET / 404 in 60ms
[0]  GET / 404 in 75ms
[0]  GET / 404 in 57ms
[0]  GET / 404 in 91ms
[0]  GET / 404 in 524ms
[0]  GET / 404 in 70ms
[0]  GET / 404 in 97ms
[0]  GET / 404 in 60ms
[0]  GET / 404 in 132ms
[0]  GET / 404 in 54ms
[0]  GET / 404 in 43ms
[0]  GET / 404 in 3623ms
[0]  GET / 404 in 63ms
[0]  GET / 404 in 70ms
[0]  GET / 404 in 56ms
[0]  GET / 404 in 48ms
[0]  GET / 404 in 45ms
[0]  GET / 404 in 66ms
[0]  GET / 404 in 62ms
[0]  GET / 404 in 70ms
[0]  GET / 404 in 58ms
[0]  GET / 404 in 59ms
[0]  GET / 404 in 47ms
[0]  GET / 404 in 57ms
[0]  GET / 404 in 80ms
[0]  GET / 404 in 61ms
[0]  GET / 404 in 48ms
[0]  GET / 404 in 108ms
[0]  GET / 404 in 70ms
[0]  GET / 404 in 63ms
[0]  GET / 404 in 78ms
[0]  GET / 404 in 40ms
[0]  GET / 404 in 138ms
[0]  GET / 404 in 45ms
[0]  GET / 404 in 86ms
[0]  GET / 404 in 85ms
[0]  GET / 404 in 57ms
[0]  GET / 404 in 114ms
[0]  GET / 404 in 47ms
[0]  GET / 404 in 50ms
[0]  GET / 404 in 59ms
[0]  GET / 404 in 46ms
[0]  GET / 404 in 47ms
[0]  GET / 404 in 92ms
[0]  GET / 404 in 49ms
[1] Terminated
[1] npm run dev:backend exited with code 143
[0] [?25h
[0] npm run dev:frontend exited with code SIGTERM
