
> localseva@0.1.0 dev
> concurrently "npm run dev:frontend" "npm run dev:backend"

[0] 
[0] > localseva@0.1.0 dev:frontend
[0] > cd frontend && npm run dev
[0] 
[1] 
[1] > localseva@0.1.0 dev:backend
[1] > cd backend && npm run dev
[1] 
[0] 
[0] > localseva-frontend@0.1.0 dev
[0] > next dev
[0] 
[1] 
[1] > localseva-backend@0.1.0 dev
[1] > nodemon --exec "npx tsx server-express.ts" --watch server-express.ts --watch services --watch ws --ext ts,tsx,js,jsx 2>&1 | tee dev.log
[1] 
[1] [33m[nodemon] 3.1.10[39m
[1] [33m[nodemon] to restart at any time, enter `rs`[39m
[1] [33m[nodemon] watching path(s): server-express.ts services/**/* ws/**/*[39m
[1] [33m[nodemon] watching extensions: ts,tsx,js,jsx[39m
[1] [32m[nodemon] starting `npx tsx server-express.ts`[39m
[0]  ⚠ Port 3000 is in use, trying 3001 instead.
[0]   ▲ Next.js 15.0.0
[0]   - Local:        http://localhost:3001
[0]   - Environments: .env
[0] 
[0]  ✓ Starting...
[0]  ✓ Ready in 4s
[1] node:events:496
[1]       throw er; // Unhandled 'error' event
[1]       ^
[1] 
[1] Error: listen EADDRINUSE: address already in use :::3002
[1]     at Server.setupListenHandle [as _listen2] (node:net:1940:16)
[1]     at listenInCluster (node:net:1997:12)
[1]     at Server.listen (node:net:2102:7)
[1]     at express (/home/z/my-project/backend/server-express.ts:41:8)
[1]     at Object.<anonymous> (/home/z/my-project/backend/server-express.ts:47:16)
[1]     at Module._compile (node:internal/modules/cjs/loader:1730:14)
[1]     at Object.transformer (/home/z/my-project/backend/node_modules/tsx/dist/register-D46fvsV_.cjs:3:1104)
[1]     at Module.load (node:internal/modules/cjs/loader:1465:32)
[1]     at Function._load (node:internal/modules/cjs/loader:1282:12)
[1]     at TracingChannel.traceSync (node:diagnostics_channel:322:14)
[1] Emitted 'error' event on Server instance at:
[1]     at emitErrorNT (node:net:1976:8)
[1]     at process.processTicksAndRejections (node:internal/process/task_queues:90:21) {
[1]   code: 'EADDRINUSE',
[1]   errno: -98,
[1]   syscall: 'listen',
[1]   address: '::',
[1]   port: 3002
[1] }
[1] 
[1] Node.js v22.17.1
[1] [31m[nodemon] app crashed - waiting for file changes before starting...[39m
[0] Terminated
[0] [?25h
[0] npm run dev:frontend exited with code 143
[1] Terminated
[1] npm run dev:backend exited with code 143
